{"C:\\Users\\bestm\\OneDrive\\Desktop\\test\\SugarRush_Frontend\\src\\context\\AuthContext.js": {"path":"C:\\Users\\bestm\\OneDrive\\Desktop\\test\\SugarRush_Frontend\\src\\context\\AuthContext.js","statementMap":{"0":{"start":{"line":7,"column":20},"end":{"line":7,"column":35}},"1":{"start":{"line":9,"column":28},"end":{"line":263,"column":1}},"2":{"start":{"line":10,"column":38},"end":{"line":10,"column":53}},"3":{"start":{"line":12,"column":28},"end":{"line":12,"column":42}},"4":{"start":{"line":14,"column":26},"end":{"line":14,"column":40}},"5":{"start":{"line":16,"column":32},"end":{"line":16,"column":46}},"6":{"start":{"line":22,"column":26},"end":{"line":81,"column":3}},"7":{"start":{"line":23,"column":4},"end":{"line":43,"column":5}},"8":{"start":{"line":25,"column":25},"end":{"line":25,"column":54}},"9":{"start":{"line":26,"column":24},"end":{"line":28,"column":8}},"10":{"start":{"line":30,"column":6},"end":{"line":30,"column":106}},"11":{"start":{"line":32,"column":6},"end":{"line":39,"column":7}},"12":{"start":{"line":33,"column":8},"end":{"line":38,"column":10}},"13":{"start":{"line":42,"column":6},"end":{"line":42,"column":81}},"14":{"start":{"line":46,"column":4},"end":{"line":51,"column":5}},"15":{"start":{"line":47,"column":6},"end":{"line":50,"column":8}},"16":{"start":{"line":54,"column":22},"end":{"line":54,"column":47}},"17":{"start":{"line":56,"column":4},"end":{"line":71,"column":5}},"18":{"start":{"line":57,"column":24},"end":{"line":57,"column":80}},"19":{"start":{"line":57,"column":53},"end":{"line":57,"column":76}},"20":{"start":{"line":58,"column":25},"end":{"line":58,"column":93}},"21":{"start":{"line":58,"column":54},"end":{"line":58,"column":89}},"22":{"start":{"line":60,"column":6},"end":{"line":70,"column":8}},"23":{"start":{"line":74,"column":4},"end":{"line":80,"column":6}},"24":{"start":{"line":87,"column":2},"end":{"line":123,"column":9}},"25":{"start":{"line":88,"column":27},"end":{"line":120,"column":5}},"26":{"start":{"line":89,"column":6},"end":{"line":119,"column":7}},"27":{"start":{"line":90,"column":27},"end":{"line":90,"column":56}},"28":{"start":{"line":92,"column":8},"end":{"line":94,"column":9}},"29":{"start":{"line":93,"column":10},"end":{"line":93,"column":17}},"30":{"start":{"line":97,"column":20},"end":{"line":101,"column":10}},"31":{"start":{"line":103,"column":8},"end":{"line":103,"column":29}},"32":{"start":{"line":106,"column":31},"end":{"line":106,"column":67}},"33":{"start":{"line":107,"column":8},"end":{"line":107,"column":32}},"34":{"start":{"line":109,"column":8},"end":{"line":109,"column":28}},"35":{"start":{"line":111,"column":8},"end":{"line":114,"column":10}},"36":{"start":{"line":116,"column":8},"end":{"line":116,"column":40}},"37":{"start":{"line":118,"column":8},"end":{"line":118,"column":26}},"38":{"start":{"line":122,"column":4},"end":{"line":122,"column":21}},"39":{"start":{"line":129,"column":19},"end":{"line":155,"column":3}},"40":{"start":{"line":130,"column":4},"end":{"line":154,"column":5}},"41":{"start":{"line":131,"column":18},"end":{"line":147,"column":8}},"42":{"start":{"line":149,"column":6},"end":{"line":149,"column":22}},"43":{"start":{"line":151,"column":6},"end":{"line":151,"column":77}},"44":{"start":{"line":153,"column":6},"end":{"line":153,"column":18}},"45":{"start":{"line":161,"column":16},"end":{"line":186,"column":3}},"46":{"start":{"line":162,"column":4},"end":{"line":185,"column":5}},"47":{"start":{"line":164,"column":18},"end":{"line":167,"column":8}},"48":{"start":{"line":169,"column":30},"end":{"line":169,"column":38}},"49":{"start":{"line":171,"column":6},"end":{"line":171,"column":42}},"50":{"start":{"line":173,"column":6},"end":{"line":173,"column":22}},"51":{"start":{"line":176,"column":29},"end":{"line":176,"column":56}},"52":{"start":{"line":177,"column":6},"end":{"line":177,"column":30}},"53":{"start":{"line":179,"column":6},"end":{"line":179,"column":26}},"54":{"start":{"line":181,"column":6},"end":{"line":181,"column":45}},"55":{"start":{"line":183,"column":6},"end":{"line":183,"column":74}},"56":{"start":{"line":184,"column":6},"end":{"line":184,"column":18}},"57":{"start":{"line":192,"column":17},"end":{"line":204,"column":3}},"58":{"start":{"line":193,"column":4},"end":{"line":203,"column":5}},"59":{"start":{"line":194,"column":6},"end":{"line":194,"column":38}},"60":{"start":{"line":196,"column":6},"end":{"line":196,"column":21}},"61":{"start":{"line":198,"column":6},"end":{"line":198,"column":20}},"62":{"start":{"line":200,"column":6},"end":{"line":200,"column":27}},"63":{"start":{"line":202,"column":6},"end":{"line":202,"column":42}},"64":{"start":{"line":210,"column":22},"end":{"line":241,"column":3}},"65":{"start":{"line":211,"column":4},"end":{"line":240,"column":5}},"66":{"start":{"line":212,"column":6},"end":{"line":212,"column":53}},"67":{"start":{"line":214,"column":18},"end":{"line":214,"column":44}},"68":{"start":{"line":216,"column":25},"end":{"line":216,"column":48}},"69":{"start":{"line":218,"column":6},"end":{"line":221,"column":7}},"70":{"start":{"line":219,"column":8},"end":{"line":219,"column":63}},"71":{"start":{"line":220,"column":8},"end":{"line":220,"column":20}},"72":{"start":{"line":224,"column":29},"end":{"line":224,"column":62}},"73":{"start":{"line":227,"column":21},"end":{"line":231,"column":7}},"74":{"start":{"line":233,"column":6},"end":{"line":233,"column":22}},"75":{"start":{"line":235,"column":6},"end":{"line":235,"column":54}},"76":{"start":{"line":237,"column":6},"end":{"line":237,"column":20}},"77":{"start":{"line":239,"column":6},"end":{"line":239,"column":81}},"78":{"start":{"line":243,"column":2},"end":{"line":262,"column":4}}},"fnMap":{"0":{"name":"(anonymous_0)","decl":{"start":{"line":9,"column":28},"end":{"line":9,"column":29}},"loc":{"start":{"line":9,"column":46},"end":{"line":263,"column":1}},"line":9},"1":{"name":"(anonymous_1)","decl":{"start":{"line":22,"column":26},"end":{"line":22,"column":27}},"loc":{"start":{"line":22,"column":46},"end":{"line":81,"column":3}},"line":22},"2":{"name":"(anonymous_2)","decl":{"start":{"line":57,"column":41},"end":{"line":57,"column":42}},"loc":{"start":{"line":57,"column":53},"end":{"line":57,"column":76}},"line":57},"3":{"name":"(anonymous_3)","decl":{"start":{"line":58,"column":42},"end":{"line":58,"column":43}},"loc":{"start":{"line":58,"column":54},"end":{"line":58,"column":89}},"line":58},"4":{"name":"(anonymous_4)","decl":{"start":{"line":87,"column":12},"end":{"line":87,"column":13}},"loc":{"start":{"line":87,"column":18},"end":{"line":123,"column":3}},"line":87},"5":{"name":"(anonymous_5)","decl":{"start":{"line":88,"column":27},"end":{"line":88,"column":28}},"loc":{"start":{"line":88,"column":39},"end":{"line":120,"column":5}},"line":88},"6":{"name":"(anonymous_6)","decl":{"start":{"line":129,"column":19},"end":{"line":129,"column":20}},"loc":{"start":{"line":129,"column":35},"end":{"line":155,"column":3}},"line":129},"7":{"name":"(anonymous_7)","decl":{"start":{"line":161,"column":16},"end":{"line":161,"column":17}},"loc":{"start":{"line":161,"column":43},"end":{"line":186,"column":3}},"line":161},"8":{"name":"(anonymous_8)","decl":{"start":{"line":192,"column":17},"end":{"line":192,"column":18}},"loc":{"start":{"line":192,"column":29},"end":{"line":204,"column":3}},"line":192},"9":{"name":"(anonymous_9)","decl":{"start":{"line":210,"column":22},"end":{"line":210,"column":23}},"loc":{"start":{"line":210,"column":34},"end":{"line":241,"column":3}},"line":210}},"branchMap":{"0":{"loc":{"start":{"line":27,"column":17},"end":{"line":27,"column":76}},"type":"cond-expr","locations":[{"start":{"line":27,"column":30},"end":{"line":27,"column":71}},{"start":{"line":27,"column":74},"end":{"line":27,"column":76}}],"line":27},"1":{"loc":{"start":{"line":30,"column":60},"end":{"line":30,"column":104}},"type":"cond-expr","locations":[{"start":{"line":30,"column":86},"end":{"line":30,"column":90}},{"start":{"line":30,"column":93},"end":{"line":30,"column":104}}],"line":30},"2":{"loc":{"start":{"line":32,"column":6},"end":{"line":39,"column":7}},"type":"if","locations":[{"start":{"line":32,"column":6},"end":{"line":39,"column":7}},{"start":{},"end":{}}],"line":32},"3":{"loc":{"start":{"line":36,"column":21},"end":{"line":36,"column":73}},"type":"binary-expr","locations":[{"start":{"line":36,"column":21},"end":{"line":36,"column":45}},{"start":{"line":36,"column":49},"end":{"line":36,"column":67}},{"start":{"line":36,"column":71},"end":{"line":36,"column":73}}],"line":36},"4":{"loc":{"start":{"line":37,"column":17},"end":{"line":37,"column":61}},"type":"binary-expr","locations":[{"start":{"line":37,"column":17},"end":{"line":37,"column":37}},{"start":{"line":37,"column":41},"end":{"line":37,"column":55}},{"start":{"line":37,"column":59},"end":{"line":37,"column":61}}],"line":37},"5":{"loc":{"start":{"line":42,"column":41},"end":{"line":42,"column":79}},"type":"binary-expr","locations":[{"start":{"line":42,"column":41},"end":{"line":42,"column":62}},{"start":{"line":42,"column":66},"end":{"line":42,"column":79}}],"line":42},"6":{"loc":{"start":{"line":46,"column":4},"end":{"line":51,"column":5}},"type":"if","locations":[{"start":{"line":46,"column":4},"end":{"line":51,"column":5}},{"start":{},"end":{}}],"line":46},"7":{"loc":{"start":{"line":54,"column":22},"end":{"line":54,"column":47}},"type":"binary-expr","locations":[{"start":{"line":54,"column":22},"end":{"line":54,"column":41}},{"start":{"line":54,"column":45},"end":{"line":54,"column":47}}],"line":54},"8":{"loc":{"start":{"line":56,"column":4},"end":{"line":71,"column":5}},"type":"if","locations":[{"start":{"line":56,"column":4},"end":{"line":71,"column":5}},{"start":{},"end":{}}],"line":56},"9":{"loc":{"start":{"line":57,"column":60},"end":{"line":57,"column":75}},"type":"binary-expr","locations":[{"start":{"line":57,"column":60},"end":{"line":57,"column":70}},{"start":{"line":57,"column":74},"end":{"line":57,"column":75}}],"line":57},"10":{"loc":{"start":{"line":58,"column":61},"end":{"line":58,"column":88}},"type":"binary-expr","locations":[{"start":{"line":58,"column":61},"end":{"line":58,"column":83}},{"start":{"line":58,"column":87},"end":{"line":58,"column":88}}],"line":58},"11":{"loc":{"start":{"line":67,"column":14},"end":{"line":67,"column":34}},"type":"binary-expr","locations":[{"start":{"line":67,"column":14},"end":{"line":67,"column":28}},{"start":{"line":67,"column":32},"end":{"line":67,"column":34}}],"line":67},"12":{"loc":{"start":{"line":92,"column":8},"end":{"line":94,"column":9}},"type":"if","locations":[{"start":{"line":92,"column":8},"end":{"line":94,"column":9}},{"start":{},"end":{}}],"line":92},"13":{"loc":{"start":{"line":113,"column":10},"end":{"line":113,"column":48}},"type":"binary-expr","locations":[{"start":{"line":113,"column":10},"end":{"line":113,"column":31}},{"start":{"line":113,"column":35},"end":{"line":113,"column":48}}],"line":113},"14":{"loc":{"start":{"line":138,"column":19},"end":{"line":138,"column":46}},"type":"binary-expr","locations":[{"start":{"line":138,"column":19},"end":{"line":138,"column":33}},{"start":{"line":138,"column":37},"end":{"line":138,"column":46}}],"line":138},"15":{"loc":{"start":{"line":140,"column":15},"end":{"line":140,"column":39}},"type":"binary-expr","locations":[{"start":{"line":140,"column":15},"end":{"line":140,"column":33}},{"start":{"line":140,"column":37},"end":{"line":140,"column":39}}],"line":140},"16":{"loc":{"start":{"line":142,"column":15},"end":{"line":142,"column":39}},"type":"binary-expr","locations":[{"start":{"line":142,"column":15},"end":{"line":142,"column":33}},{"start":{"line":142,"column":37},"end":{"line":142,"column":39}}],"line":142},"17":{"loc":{"start":{"line":144,"column":15},"end":{"line":144,"column":39}},"type":"binary-expr","locations":[{"start":{"line":144,"column":15},"end":{"line":144,"column":33}},{"start":{"line":144,"column":37},"end":{"line":144,"column":39}}],"line":144},"18":{"loc":{"start":{"line":146,"column":17},"end":{"line":146,"column":43}},"type":"binary-expr","locations":[{"start":{"line":146,"column":17},"end":{"line":146,"column":37}},{"start":{"line":146,"column":41},"end":{"line":146,"column":43}}],"line":146},"19":{"loc":{"start":{"line":151,"column":37},"end":{"line":151,"column":75}},"type":"binary-expr","locations":[{"start":{"line":151,"column":37},"end":{"line":151,"column":58}},{"start":{"line":151,"column":62},"end":{"line":151,"column":75}}],"line":151},"20":{"loc":{"start":{"line":183,"column":34},"end":{"line":183,"column":72}},"type":"binary-expr","locations":[{"start":{"line":183,"column":34},"end":{"line":183,"column":55}},{"start":{"line":183,"column":59},"end":{"line":183,"column":72}}],"line":183},"21":{"loc":{"start":{"line":216,"column":25},"end":{"line":216,"column":48}},"type":"binary-expr","locations":[{"start":{"line":216,"column":25},"end":{"line":216,"column":40}},{"start":{"line":216,"column":44},"end":{"line":216,"column":48}}],"line":216},"22":{"loc":{"start":{"line":218,"column":6},"end":{"line":221,"column":7}},"type":"if","locations":[{"start":{"line":218,"column":6},"end":{"line":221,"column":7}},{"start":{},"end":{}}],"line":218},"23":{"loc":{"start":{"line":229,"column":19},"end":{"line":229,"column":73}},"type":"binary-expr","locations":[{"start":{"line":229,"column":19},"end":{"line":229,"column":39}},{"start":{"line":229,"column":43},"end":{"line":229,"column":67}},{"start":{"line":229,"column":71},"end":{"line":229,"column":73}}],"line":229},"24":{"loc":{"start":{"line":230,"column":15},"end":{"line":230,"column":61}},"type":"binary-expr","locations":[{"start":{"line":230,"column":15},"end":{"line":230,"column":31}},{"start":{"line":230,"column":35},"end":{"line":230,"column":55}},{"start":{"line":230,"column":59},"end":{"line":230,"column":61}}],"line":230},"25":{"loc":{"start":{"line":239,"column":41},"end":{"line":239,"column":79}},"type":"binary-expr","locations":[{"start":{"line":239,"column":41},"end":{"line":239,"column":62}},{"start":{"line":239,"column":66},"end":{"line":239,"column":79}}],"line":239}},"s":{"0":5,"1":5,"2":20,"3":20,"4":20,"5":20,"6":20,"7":3,"8":3,"9":3,"10":2,"11":2,"12":2,"13":1,"14":1,"15":0,"16":1,"17":1,"18":1,"19":1,"20":1,"21":1,"22":1,"23":0,"24":20,"25":10,"26":10,"27":10,"28":10,"29":8,"30":2,"31":1,"32":1,"33":1,"34":1,"35":1,"36":1,"37":10,"38":10,"39":20,"40":1,"41":1,"42":1,"43":0,"44":0,"45":20,"46":1,"47":1,"48":1,"49":1,"50":1,"51":1,"52":1,"53":1,"54":1,"55":0,"56":0,"57":20,"58":2,"59":2,"60":1,"61":1,"62":1,"63":1,"64":20,"65":3,"66":3,"67":3,"68":2,"69":2,"70":1,"71":1,"72":1,"73":1,"74":1,"75":1,"76":1,"77":1,"78":20},"f":{"0":20,"1":3,"2":1,"3":1,"4":10,"5":10,"6":1,"7":1,"8":2,"9":3},"b":{"0":[0,3],"1":[2,0],"2":[2,0],"3":[2,0,0],"4":[2,0,0],"5":[1,1],"6":[0,1],"7":[1,0],"8":[1,0],"9":[1,0],"10":[1,0],"11":[1,1],"12":[8,2],"13":[1,1],"14":[1,0],"15":[1,0],"16":[1,0],"17":[1,0],"18":[1,0],"19":[0,0],"20":[0,0],"21":[2,1],"22":[1,1],"23":[1,0,0],"24":[1,0,0],"25":[1,1]},"_coverageSchema":"1a1c01bbd47fc00a2c39e90264f33305004495a9","hash":"e1213c61aa05456f6c1625e2b2d87c2bf7f556da"}
,"C:\\Users\\bestm\\OneDrive\\Desktop\\test\\SugarRush_Frontend\\src\\screens\\HomeScreen.jsx": {"path":"C:\\Users\\bestm\\OneDrive\\Desktop\\test\\SugarRush_Frontend\\src\\screens\\HomeScreen.jsx","statementMap":{"0":{"start":{"line":13,"column":23},"end":{"line":13,"column":36}},"1":{"start":{"line":16,"column":36},"end":{"line":16,"column":48}},"2":{"start":{"line":17,"column":40},"end":{"line":17,"column":54}},"3":{"start":{"line":18,"column":32},"end":{"line":18,"column":46}},"4":{"start":{"line":19,"column":24},"end":{"line":19,"column":44}},"5":{"start":{"line":21,"column":20},"end":{"line":35,"column":3}},"6":{"start":{"line":22,"column":4},"end":{"line":34,"column":5}},"7":{"start":{"line":23,"column":39},"end":{"line":26,"column":8}},"8":{"start":{"line":28,"column":6},"end":{"line":28,"column":37}},"9":{"start":{"line":29,"column":6},"end":{"line":29,"column":37}},"10":{"start":{"line":31,"column":6},"end":{"line":31,"column":84}},"11":{"start":{"line":33,"column":6},"end":{"line":33,"column":24}},"12":{"start":{"line":37,"column":2},"end":{"line":46,"column":9}},"13":{"start":{"line":38,"column":4},"end":{"line":38,"column":16}},"14":{"start":{"line":40,"column":21},"end":{"line":43,"column":12}},"15":{"start":{"line":41,"column":6},"end":{"line":41,"column":25}},"16":{"start":{"line":42,"column":6},"end":{"line":42,"column":18}},"17":{"start":{"line":45,"column":4},"end":{"line":45,"column":41}},"18":{"start":{"line":45,"column":17},"end":{"line":45,"column":40}},"19":{"start":{"line":48,"column":21},"end":{"line":54,"column":3}},"20":{"start":{"line":49,"column":4},"end":{"line":53,"column":7}},"21":{"start":{"line":56,"column":26},"end":{"line":64,"column":3}},"22":{"start":{"line":57,"column":4},"end":{"line":57,"column":32}},"23":{"start":{"line":57,"column":17},"end":{"line":57,"column":32}},"24":{"start":{"line":59,"column":25},"end":{"line":59,"column":46}},"25":{"start":{"line":60,"column":20},"end":{"line":60,"column":49}},"26":{"start":{"line":61,"column":20},"end":{"line":61,"column":37}},"27":{"start":{"line":63,"column":4},"end":{"line":63,"column":85}},"28":{"start":{"line":66,"column":24},"end":{"line":80,"column":3}},"29":{"start":{"line":67,"column":4},"end":{"line":67,"column":44}},"30":{"start":{"line":67,"column":18},"end":{"line":67,"column":44}},"31":{"start":{"line":69,"column":30},"end":{"line":69,"column":66}},"32":{"start":{"line":71,"column":4},"end":{"line":73,"column":5}},"33":{"start":{"line":72,"column":6},"end":{"line":72,"column":25}},"34":{"start":{"line":75,"column":4},"end":{"line":77,"column":5}},"35":{"start":{"line":76,"column":6},"end":{"line":76,"column":27}},"36":{"start":{"line":79,"column":4},"end":{"line":79,"column":83}},"37":{"start":{"line":82,"column":25},"end":{"line":90,"column":3}},"38":{"start":{"line":83,"column":4},"end":{"line":83,"column":34}},"39":{"start":{"line":83,"column":22},"end":{"line":83,"column":34}},"40":{"start":{"line":84,"column":4},"end":{"line":84,"column":62}},"41":{"start":{"line":84,"column":50},"end":{"line":84,"column":62}},"42":{"start":{"line":86,"column":4},"end":{"line":86,"column":48}},"43":{"start":{"line":86,"column":35},"end":{"line":86,"column":48}},"44":{"start":{"line":88,"column":21},"end":{"line":88,"column":55}},"45":{"start":{"line":89,"column":4},"end":{"line":89,"column":43}},"46":{"start":{"line":92,"column":24},"end":{"line":99,"column":3}},"47":{"start":{"line":93,"column":4},"end":{"line":93,"column":35}},"48":{"start":{"line":93,"column":22},"end":{"line":93,"column":35}},"49":{"start":{"line":94,"column":4},"end":{"line":94,"column":48}},"50":{"start":{"line":94,"column":35},"end":{"line":94,"column":48}},"51":{"start":{"line":95,"column":4},"end":{"line":95,"column":51}},"52":{"start":{"line":95,"column":38},"end":{"line":95,"column":51}},"53":{"start":{"line":97,"column":22},"end":{"line":97,"column":59}},"54":{"start":{"line":98,"column":4},"end":{"line":98,"column":43}},"55":{"start":{"line":101,"column":26},"end":{"line":139,"column":3}},"56":{"start":{"line":102,"column":4},"end":{"line":110,"column":5}},"57":{"start":{"line":103,"column":6},"end":{"line":109,"column":8}},"58":{"start":{"line":112,"column":4},"end":{"line":120,"column":5}},"59":{"start":{"line":113,"column":6},"end":{"line":119,"column":8}},"60":{"start":{"line":122,"column":4},"end":{"line":130,"column":5}},"61":{"start":{"line":123,"column":6},"end":{"line":129,"column":8}},"62":{"start":{"line":132,"column":4},"end":{"line":138,"column":6}},"63":{"start":{"line":141,"column":28},"end":{"line":247,"column":1}},"64":{"start":{"line":142,"column":20},"end":{"line":142,"column":53}},"65":{"start":{"line":143,"column":18},"end":{"line":143,"column":49}},"66":{"start":{"line":145,"column":22},"end":{"line":145,"column":33}},"67":{"start":{"line":146,"column":23},"end":{"line":146,"column":58}},"68":{"start":{"line":147,"column":27},"end":{"line":147,"column":58}},"69":{"start":{"line":150,"column":4},"end":{"line":150,"column":51}},"70":{"start":{"line":153,"column":4},"end":{"line":153,"column":49}},"71":{"start":{"line":155,"column":2},"end":{"line":163,"column":3}},"72":{"start":{"line":156,"column":4},"end":{"line":162,"column":6}},"73":{"start":{"line":165,"column":2},"end":{"line":173,"column":3}},"74":{"start":{"line":166,"column":4},"end":{"line":172,"column":6}},"75":{"start":{"line":176,"column":2},"end":{"line":194,"column":3}},"76":{"start":{"line":177,"column":4},"end":{"line":185,"column":5}},"77":{"start":{"line":178,"column":6},"end":{"line":184,"column":8}},"78":{"start":{"line":187,"column":4},"end":{"line":193,"column":6}},"79":{"start":{"line":197,"column":2},"end":{"line":205,"column":3}},"80":{"start":{"line":198,"column":4},"end":{"line":204,"column":6}},"81":{"start":{"line":208,"column":2},"end":{"line":216,"column":3}},"82":{"start":{"line":209,"column":4},"end":{"line":215,"column":6}},"83":{"start":{"line":219,"column":2},"end":{"line":227,"column":3}},"84":{"start":{"line":220,"column":4},"end":{"line":226,"column":6}},"85":{"start":{"line":230,"column":2},"end":{"line":238,"column":3}},"86":{"start":{"line":231,"column":4},"end":{"line":237,"column":6}},"87":{"start":{"line":240,"column":2},"end":{"line":246,"column":4}},"88":{"start":{"line":249,"column":26},"end":{"line":275,"column":3}},"89":{"start":{"line":250,"column":4},"end":{"line":255,"column":5}},"90":{"start":{"line":251,"column":6},"end":{"line":254,"column":8}},"91":{"start":{"line":257,"column":4},"end":{"line":262,"column":5}},"92":{"start":{"line":258,"column":6},"end":{"line":261,"column":8}},"93":{"start":{"line":264,"column":4},"end":{"line":269,"column":5}},"94":{"start":{"line":265,"column":6},"end":{"line":268,"column":8}},"95":{"start":{"line":271,"column":4},"end":{"line":274,"column":6}},"96":{"start":{"line":277,"column":23},"end":{"line":277,"column":40}},"97":{"start":{"line":278,"column":23},"end":{"line":278,"column":40}},"98":{"start":{"line":280,"column":2},"end":{"line":445,"column":4}},"99":{"start":{"line":325,"column":27},"end":{"line":325,"column":61}},"100":{"start":{"line":326,"column":29},"end":{"line":326,"column":55}},"101":{"start":{"line":327,"column":33},"end":{"line":327,"column":64}},"102":{"start":{"line":328,"column":30},"end":{"line":328,"column":57}},"103":{"start":{"line":329,"column":27},"end":{"line":329,"column":51}},"104":{"start":{"line":330,"column":30},"end":{"line":330,"column":57}},"105":{"start":{"line":331,"column":29},"end":{"line":331,"column":55}},"106":{"start":{"line":332,"column":27},"end":{"line":332,"column":38}},"107":{"start":{"line":334,"column":12},"end":{"line":440,"column":14}},"108":{"start":{"line":448,"column":15},"end":{"line":682,"column":2}}},"fnMap":{"0":{"name":"HomeScreen","decl":{"start":{"line":15,"column":24},"end":{"line":15,"column":34}},"loc":{"start":{"line":15,"column":37},"end":{"line":446,"column":1}},"line":15},"1":{"name":"(anonymous_1)","decl":{"start":{"line":21,"column":20},"end":{"line":21,"column":21}},"loc":{"start":{"line":21,"column":32},"end":{"line":35,"column":3}},"line":21},"2":{"name":"(anonymous_2)","decl":{"start":{"line":37,"column":12},"end":{"line":37,"column":13}},"loc":{"start":{"line":37,"column":18},"end":{"line":46,"column":3}},"line":37},"3":{"name":"(anonymous_3)","decl":{"start":{"line":40,"column":33},"end":{"line":40,"column":34}},"loc":{"start":{"line":40,"column":39},"end":{"line":43,"column":5}},"line":40},"4":{"name":"(anonymous_4)","decl":{"start":{"line":45,"column":11},"end":{"line":45,"column":12}},"loc":{"start":{"line":45,"column":17},"end":{"line":45,"column":40}},"line":45},"5":{"name":"(anonymous_5)","decl":{"start":{"line":48,"column":21},"end":{"line":48,"column":22}},"loc":{"start":{"line":48,"column":37},"end":{"line":54,"column":3}},"line":48},"6":{"name":"(anonymous_6)","decl":{"start":{"line":56,"column":26},"end":{"line":56,"column":27}},"loc":{"start":{"line":56,"column":34},"end":{"line":64,"column":3}},"line":56},"7":{"name":"(anonymous_7)","decl":{"start":{"line":66,"column":24},"end":{"line":66,"column":25}},"loc":{"start":{"line":66,"column":37},"end":{"line":80,"column":3}},"line":66},"8":{"name":"(anonymous_8)","decl":{"start":{"line":82,"column":25},"end":{"line":82,"column":26}},"loc":{"start":{"line":82,"column":31},"end":{"line":90,"column":3}},"line":82},"9":{"name":"(anonymous_9)","decl":{"start":{"line":92,"column":24},"end":{"line":92,"column":25}},"loc":{"start":{"line":92,"column":30},"end":{"line":99,"column":3}},"line":92},"10":{"name":"(anonymous_10)","decl":{"start":{"line":101,"column":26},"end":{"line":101,"column":27}},"loc":{"start":{"line":101,"column":32},"end":{"line":139,"column":3}},"line":101},"11":{"name":"(anonymous_11)","decl":{"start":{"line":141,"column":28},"end":{"line":141,"column":29}},"loc":{"start":{"line":141,"column":49},"end":{"line":247,"column":1}},"line":141},"12":{"name":"(anonymous_12)","decl":{"start":{"line":249,"column":26},"end":{"line":249,"column":27}},"loc":{"start":{"line":249,"column":32},"end":{"line":275,"column":3}},"line":249},"13":{"name":"(anonymous_13)","decl":{"start":{"line":324,"column":24},"end":{"line":324,"column":25}},"loc":{"start":{"line":324,"column":45},"end":{"line":441,"column":11}},"line":324}},"branchMap":{"0":{"loc":{"start":{"line":31,"column":45},"end":{"line":31,"column":82}},"type":"binary-expr","locations":[{"start":{"line":31,"column":45},"end":{"line":31,"column":65}},{"start":{"line":31,"column":69},"end":{"line":31,"column":82}}],"line":31},"1":{"loc":{"start":{"line":57,"column":4},"end":{"line":57,"column":32}},"type":"if","locations":[{"start":{"line":57,"column":4},"end":{"line":57,"column":32}},{"start":{},"end":{}}],"line":57},"2":{"loc":{"start":{"line":67,"column":4},"end":{"line":67,"column":44}},"type":"if","locations":[{"start":{"line":67,"column":4},"end":{"line":67,"column":44}},{"start":{},"end":{}}],"line":67},"3":{"loc":{"start":{"line":71,"column":4},"end":{"line":73,"column":5}},"type":"if","locations":[{"start":{"line":71,"column":4},"end":{"line":73,"column":5}},{"start":{},"end":{}}],"line":71},"4":{"loc":{"start":{"line":75,"column":4},"end":{"line":77,"column":5}},"type":"if","locations":[{"start":{"line":75,"column":4},"end":{"line":77,"column":5}},{"start":{},"end":{}}],"line":75},"5":{"loc":{"start":{"line":83,"column":4},"end":{"line":83,"column":34}},"type":"if","locations":[{"start":{"line":83,"column":4},"end":{"line":83,"column":34}},{"start":{},"end":{}}],"line":83},"6":{"loc":{"start":{"line":84,"column":4},"end":{"line":84,"column":62}},"type":"if","locations":[{"start":{"line":84,"column":4},"end":{"line":84,"column":62}},{"start":{},"end":{}}],"line":84},"7":{"loc":{"start":{"line":86,"column":4},"end":{"line":86,"column":48}},"type":"if","locations":[{"start":{"line":86,"column":4},"end":{"line":86,"column":48}},{"start":{},"end":{}}],"line":86},"8":{"loc":{"start":{"line":93,"column":4},"end":{"line":93,"column":35}},"type":"if","locations":[{"start":{"line":93,"column":4},"end":{"line":93,"column":35}},{"start":{},"end":{}}],"line":93},"9":{"loc":{"start":{"line":94,"column":4},"end":{"line":94,"column":48}},"type":"if","locations":[{"start":{"line":94,"column":4},"end":{"line":94,"column":48}},{"start":{},"end":{}}],"line":94},"10":{"loc":{"start":{"line":95,"column":4},"end":{"line":95,"column":51}},"type":"if","locations":[{"start":{"line":95,"column":4},"end":{"line":95,"column":51}},{"start":{},"end":{}}],"line":95},"11":{"loc":{"start":{"line":102,"column":4},"end":{"line":110,"column":5}},"type":"if","locations":[{"start":{"line":102,"column":4},"end":{"line":110,"column":5}},{"start":{},"end":{}}],"line":102},"12":{"loc":{"start":{"line":112,"column":4},"end":{"line":120,"column":5}},"type":"if","locations":[{"start":{"line":112,"column":4},"end":{"line":120,"column":5}},{"start":{},"end":{}}],"line":112},"13":{"loc":{"start":{"line":122,"column":4},"end":{"line":130,"column":5}},"type":"if","locations":[{"start":{"line":122,"column":4},"end":{"line":130,"column":5}},{"start":{},"end":{}}],"line":122},"14":{"loc":{"start":{"line":155,"column":2},"end":{"line":163,"column":3}},"type":"if","locations":[{"start":{"line":155,"column":2},"end":{"line":163,"column":3}},{"start":{},"end":{}}],"line":155},"15":{"loc":{"start":{"line":165,"column":2},"end":{"line":173,"column":3}},"type":"if","locations":[{"start":{"line":165,"column":2},"end":{"line":173,"column":3}},{"start":{},"end":{}}],"line":165},"16":{"loc":{"start":{"line":176,"column":2},"end":{"line":194,"column":3}},"type":"if","locations":[{"start":{"line":176,"column":2},"end":{"line":194,"column":3}},{"start":{},"end":{}}],"line":176},"17":{"loc":{"start":{"line":176,"column":6},"end":{"line":176,"column":33}},"type":"binary-expr","locations":[{"start":{"line":176,"column":6},"end":{"line":176,"column":17}},{"start":{"line":176,"column":21},"end":{"line":176,"column":33}}],"line":176},"18":{"loc":{"start":{"line":177,"column":4},"end":{"line":185,"column":5}},"type":"if","locations":[{"start":{"line":177,"column":4},"end":{"line":185,"column":5}},{"start":{},"end":{}}],"line":177},"19":{"loc":{"start":{"line":197,"column":2},"end":{"line":205,"column":3}},"type":"if","locations":[{"start":{"line":197,"column":2},"end":{"line":205,"column":3}},{"start":{},"end":{}}],"line":197},"20":{"loc":{"start":{"line":197,"column":6},"end":{"line":197,"column":61}},"type":"binary-expr","locations":[{"start":{"line":197,"column":6},"end":{"line":197,"column":17}},{"start":{"line":197,"column":21},"end":{"line":197,"column":34}},{"start":{"line":197,"column":38},"end":{"line":197,"column":61}}],"line":197},"21":{"loc":{"start":{"line":208,"column":2},"end":{"line":216,"column":3}},"type":"if","locations":[{"start":{"line":208,"column":2},"end":{"line":216,"column":3}},{"start":{},"end":{}}],"line":208},"22":{"loc":{"start":{"line":208,"column":6},"end":{"line":208,"column":67}},"type":"binary-expr","locations":[{"start":{"line":208,"column":6},"end":{"line":208,"column":19}},{"start":{"line":208,"column":23},"end":{"line":208,"column":48}},{"start":{"line":208,"column":52},"end":{"line":208,"column":67}}],"line":208},"23":{"loc":{"start":{"line":213,"column":13},"end":{"line":213,"column":49}},"type":"cond-expr","locations":[{"start":{"line":213,"column":27},"end":{"line":213,"column":37}},{"start":{"line":213,"column":40},"end":{"line":213,"column":49}}],"line":213},"24":{"loc":{"start":{"line":219,"column":2},"end":{"line":227,"column":3}},"type":"if","locations":[{"start":{"line":219,"column":2},"end":{"line":227,"column":3}},{"start":{},"end":{}}],"line":219},"25":{"loc":{"start":{"line":219,"column":6},"end":{"line":219,"column":51}},"type":"binary-expr","locations":[{"start":{"line":219,"column":6},"end":{"line":219,"column":17}},{"start":{"line":219,"column":21},"end":{"line":219,"column":34}},{"start":{"line":219,"column":38},"end":{"line":219,"column":51}}],"line":219},"26":{"loc":{"start":{"line":230,"column":2},"end":{"line":238,"column":3}},"type":"if","locations":[{"start":{"line":230,"column":2},"end":{"line":238,"column":3}},{"start":{},"end":{}}],"line":230},"27":{"loc":{"start":{"line":235,"column":13},"end":{"line":235,"column":49}},"type":"cond-expr","locations":[{"start":{"line":235,"column":27},"end":{"line":235,"column":37}},{"start":{"line":235,"column":40},"end":{"line":235,"column":49}}],"line":235},"28":{"loc":{"start":{"line":250,"column":4},"end":{"line":255,"column":5}},"type":"if","locations":[{"start":{"line":250,"column":4},"end":{"line":255,"column":5}},{"start":{},"end":{}}],"line":250},"29":{"loc":{"start":{"line":257,"column":4},"end":{"line":262,"column":5}},"type":"if","locations":[{"start":{"line":257,"column":4},"end":{"line":262,"column":5}},{"start":{},"end":{}}],"line":257},"30":{"loc":{"start":{"line":264,"column":4},"end":{"line":269,"column":5}},"type":"if","locations":[{"start":{"line":264,"column":4},"end":{"line":269,"column":5}},{"start":{},"end":{}}],"line":264},"31":{"loc":{"start":{"line":304,"column":11},"end":{"line":309,"column":11}},"type":"binary-expr","locations":[{"start":{"line":304,"column":11},"end":{"line":304,"column":37}},{"start":{"line":304,"column":41},"end":{"line":304,"column":58}},{"start":{"line":305,"column":12},"end":{"line":308,"column":19}}],"line":304},"32":{"loc":{"start":{"line":312,"column":9},"end":{"line":442,"column":9}},"type":"cond-expr","locations":[{"start":{"line":313,"column":10},"end":{"line":316,"column":17}},{"start":{"line":317,"column":12},"end":{"line":442,"column":9}}],"line":312},"33":{"loc":{"start":{"line":317,"column":12},"end":{"line":442,"column":9}},"type":"cond-expr","locations":[{"start":{"line":318,"column":10},"end":{"line":322,"column":17}},{"start":{"line":324,"column":10},"end":{"line":441,"column":12}}],"line":317},"34":{"loc":{"start":{"line":339,"column":18},"end":{"line":339,"column":43}},"type":"binary-expr","locations":[{"start":{"line":339,"column":18},"end":{"line":339,"column":24}},{"start":{"line":339,"column":28},"end":{"line":339,"column":43}}],"line":339},"35":{"loc":{"start":{"line":340,"column":18},"end":{"line":340,"column":47}},"type":"binary-expr","locations":[{"start":{"line":340,"column":18},"end":{"line":340,"column":26}},{"start":{"line":340,"column":30},"end":{"line":340,"column":47}}],"line":340},"36":{"loc":{"start":{"line":341,"column":18},"end":{"line":341,"column":49}},"type":"binary-expr","locations":[{"start":{"line":341,"column":18},"end":{"line":341,"column":30}},{"start":{"line":341,"column":34},"end":{"line":341,"column":49}}],"line":341},"37":{"loc":{"start":{"line":342,"column":18},"end":{"line":342,"column":49}},"type":"binary-expr","locations":[{"start":{"line":342,"column":18},"end":{"line":342,"column":27}},{"start":{"line":342,"column":31},"end":{"line":342,"column":49}}],"line":342},"38":{"loc":{"start":{"line":343,"column":18},"end":{"line":343,"column":43}},"type":"binary-expr","locations":[{"start":{"line":343,"column":18},"end":{"line":343,"column":24}},{"start":{"line":343,"column":28},"end":{"line":343,"column":43}}],"line":343},"39":{"loc":{"start":{"line":344,"column":18},"end":{"line":344,"column":49}},"type":"binary-expr","locations":[{"start":{"line":344,"column":18},"end":{"line":344,"column":27}},{"start":{"line":344,"column":31},"end":{"line":344,"column":49}}],"line":344},"40":{"loc":{"start":{"line":345,"column":18},"end":{"line":345,"column":47}},"type":"binary-expr","locations":[{"start":{"line":345,"column":18},"end":{"line":345,"column":26}},{"start":{"line":345,"column":30},"end":{"line":345,"column":47}}],"line":345},"41":{"loc":{"start":{"line":353,"column":22},"end":{"line":353,"column":58}},"type":"binary-expr","locations":[{"start":{"line":353,"column":22},"end":{"line":353,"column":30}},{"start":{"line":353,"column":34},"end":{"line":353,"column":58}}],"line":353},"42":{"loc":{"start":{"line":354,"column":22},"end":{"line":354,"column":60}},"type":"binary-expr","locations":[{"start":{"line":354,"column":22},"end":{"line":354,"column":34}},{"start":{"line":354,"column":38},"end":{"line":354,"column":60}}],"line":354},"43":{"loc":{"start":{"line":355,"column":22},"end":{"line":355,"column":60}},"type":"binary-expr","locations":[{"start":{"line":355,"column":22},"end":{"line":355,"column":31}},{"start":{"line":355,"column":35},"end":{"line":355,"column":60}}],"line":355},"44":{"loc":{"start":{"line":356,"column":22},"end":{"line":356,"column":54}},"type":"binary-expr","locations":[{"start":{"line":356,"column":22},"end":{"line":356,"column":28}},{"start":{"line":356,"column":32},"end":{"line":356,"column":54}}],"line":356},"45":{"loc":{"start":{"line":357,"column":22},"end":{"line":357,"column":60}},"type":"binary-expr","locations":[{"start":{"line":357,"column":22},"end":{"line":357,"column":31}},{"start":{"line":357,"column":35},"end":{"line":357,"column":60}}],"line":357},"46":{"loc":{"start":{"line":358,"column":22},"end":{"line":358,"column":58}},"type":"binary-expr","locations":[{"start":{"line":358,"column":22},"end":{"line":358,"column":30}},{"start":{"line":358,"column":34},"end":{"line":358,"column":58}}],"line":358},"47":{"loc":{"start":{"line":363,"column":24},"end":{"line":371,"column":48}},"type":"cond-expr","locations":[{"start":{"line":364,"column":28},"end":{"line":364,"column":43}},{"start":{"line":365,"column":28},"end":{"line":371,"column":48}}],"line":363},"48":{"loc":{"start":{"line":363,"column":24},"end":{"line":363,"column":48}},"type":"binary-expr","locations":[{"start":{"line":363,"column":24},"end":{"line":363,"column":32}},{"start":{"line":363,"column":36},"end":{"line":363,"column":48}}],"line":363},"49":{"loc":{"start":{"line":365,"column":28},"end":{"line":371,"column":48}},"type":"cond-expr","locations":[{"start":{"line":366,"column":30},"end":{"line":366,"column":52}},{"start":{"line":367,"column":30},"end":{"line":371,"column":48}}],"line":365},"50":{"loc":{"start":{"line":365,"column":28},"end":{"line":365,"column":49}},"type":"binary-expr","locations":[{"start":{"line":365,"column":28},"end":{"line":365,"column":37}},{"start":{"line":365,"column":41},"end":{"line":365,"column":49}}],"line":365},"51":{"loc":{"start":{"line":367,"column":30},"end":{"line":371,"column":48}},"type":"cond-expr","locations":[{"start":{"line":368,"column":32},"end":{"line":368,"column":54}},{"start":{"line":369,"column":32},"end":{"line":371,"column":48}}],"line":367},"52":{"loc":{"start":{"line":369,"column":32},"end":{"line":371,"column":48}},"type":"cond-expr","locations":[{"start":{"line":370,"column":34},"end":{"line":370,"column":57}},{"start":{"line":371,"column":34},"end":{"line":371,"column":48}}],"line":369},"53":{"loc":{"start":{"line":379,"column":19},"end":{"line":384,"column":19}},"type":"binary-expr","locations":[{"start":{"line":379,"column":20},"end":{"line":379,"column":28}},{"start":{"line":379,"column":32},"end":{"line":379,"column":44}},{"start":{"line":380,"column":20},"end":{"line":383,"column":27}}],"line":379},"54":{"loc":{"start":{"line":392,"column":22},"end":{"line":392,"column":52}},"type":"binary-expr","locations":[{"start":{"line":392,"column":22},"end":{"line":392,"column":30}},{"start":{"line":392,"column":34},"end":{"line":392,"column":52}}],"line":392},"55":{"loc":{"start":{"line":393,"column":22},"end":{"line":393,"column":54}},"type":"binary-expr","locations":[{"start":{"line":393,"column":22},"end":{"line":393,"column":34}},{"start":{"line":393,"column":38},"end":{"line":393,"column":54}}],"line":393},"56":{"loc":{"start":{"line":394,"column":22},"end":{"line":394,"column":54}},"type":"binary-expr","locations":[{"start":{"line":394,"column":22},"end":{"line":394,"column":31}},{"start":{"line":394,"column":35},"end":{"line":394,"column":54}}],"line":394},"57":{"loc":{"start":{"line":395,"column":22},"end":{"line":395,"column":48}},"type":"binary-expr","locations":[{"start":{"line":395,"column":22},"end":{"line":395,"column":28}},{"start":{"line":395,"column":32},"end":{"line":395,"column":48}}],"line":395},"58":{"loc":{"start":{"line":396,"column":22},"end":{"line":396,"column":66}},"type":"binary-expr","locations":[{"start":{"line":396,"column":23},"end":{"line":396,"column":32}},{"start":{"line":396,"column":36},"end":{"line":396,"column":44}},{"start":{"line":396,"column":49},"end":{"line":396,"column":66}}],"line":396},"59":{"loc":{"start":{"line":416,"column":28},"end":{"line":416,"column":96}},"type":"cond-expr","locations":[{"start":{"line":416,"column":55},"end":{"line":416,"column":70}},{"start":{"line":416,"column":73},"end":{"line":416,"column":96}}],"line":416},"60":{"loc":{"start":{"line":416,"column":28},"end":{"line":416,"column":52}},"type":"binary-expr","locations":[{"start":{"line":416,"column":28},"end":{"line":416,"column":36}},{"start":{"line":416,"column":40},"end":{"line":416,"column":52}}],"line":416},"61":{"loc":{"start":{"line":418,"column":29},"end":{"line":418,"column":77}},"type":"cond-expr","locations":[{"start":{"line":418,"column":56},"end":{"line":418,"column":65}},{"start":{"line":418,"column":68},"end":{"line":418,"column":77}}],"line":418},"62":{"loc":{"start":{"line":418,"column":29},"end":{"line":418,"column":53}},"type":"binary-expr","locations":[{"start":{"line":418,"column":29},"end":{"line":418,"column":37}},{"start":{"line":418,"column":41},"end":{"line":418,"column":53}}],"line":418}},"s":{"0":1,"1":8,"2":8,"3":8,"4":8,"5":8,"6":4,"7":4,"8":4,"9":4,"10":0,"11":4,"12":8,"13":4,"14":4,"15":0,"16":0,"17":4,"18":4,"19":8,"20":2,"21":8,"22":1,"23":0,"24":1,"25":1,"26":1,"27":1,"28":8,"29":6,"30":1,"31":5,"32":5,"33":4,"34":1,"35":1,"36":0,"37":8,"38":18,"39":10,"40":8,"41":0,"42":8,"43":2,"44":6,"45":6,"46":8,"47":7,"48":0,"49":7,"50":2,"51":5,"52":5,"53":0,"54":0,"55":8,"56":8,"57":5,"58":3,"59":0,"60":3,"61":1,"62":2,"63":8,"64":1,"65":1,"66":1,"67":1,"68":1,"69":1,"70":1,"71":1,"72":0,"73":1,"74":0,"75":1,"76":0,"77":0,"78":0,"79":1,"80":0,"81":1,"82":1,"83":0,"84":0,"85":0,"86":0,"87":0,"88":8,"89":8,"90":5,"91":3,"92":0,"93":3,"94":1,"95":2,"96":8,"97":8,"98":8,"99":1,"100":1,"101":1,"102":1,"103":1,"104":1,"105":1,"106":1,"107":1,"108":1},"f":{"0":8,"1":4,"2":4,"3":0,"4":4,"5":2,"6":1,"7":6,"8":18,"9":7,"10":8,"11":1,"12":8,"13":1},"b":{"0":[0,0],"1":[0,1],"2":[1,5],"3":[4,1],"4":[1,0],"5":[10,8],"6":[0,8],"7":[2,6],"8":[0,7],"9":[2,5],"10":[5,0],"11":[5,3],"12":[0,3],"13":[1,2],"14":[0,1],"15":[0,1],"16":[0,1],"17":[1,1],"18":[0,0],"19":[0,1],"20":[1,1,1],"21":[1,0],"22":[1,1,1],"23":[1,0],"24":[0,0],"25":[0,0,0],"26":[0,0],"27":[0,0],"28":[5,3],"29":[0,3],"30":[1,2],"31":[8,1,1],"32":[4,4],"33":[3,1],"34":[1,1],"35":[1,0],"36":[1,0],"37":[1,0],"38":[1,0],"39":[1,0],"40":[1,0],"41":[1,0],"42":[1,0],"43":[1,0],"44":[1,0],"45":[1,0],"46":[1,0],"47":[0,1],"48":[1,1],"49":[0,1],"50":[1,1],"51":[0,1],"52":[0,1],"53":[1,1,0],"54":[1,0],"55":[1,0],"56":[1,0],"57":[1,0],"58":[1,1,0],"59":[0,1],"60":[1,1],"61":[0,1],"62":[1,1]},"_coverageSchema":"1a1c01bbd47fc00a2c39e90264f33305004495a9","hash":"ff43414b684805fbb2d2250ef2d021ff8f826d9f"}
,"C:\\Users\\bestm\\OneDrive\\Desktop\\test\\SugarRush_Frontend\\src\\screens\\LoginScreen.jsx": {"path":"C:\\Users\\bestm\\OneDrive\\Desktop\\test\\SugarRush_Frontend\\src\\screens\\LoginScreen.jsx","statementMap":{"0":{"start":{"line":18,"column":20},"end":{"line":18,"column":43}},"1":{"start":{"line":19,"column":21},"end":{"line":19,"column":36}},"2":{"start":{"line":21,"column":28},"end":{"line":21,"column":40}},"3":{"start":{"line":22,"column":34},"end":{"line":22,"column":46}},"4":{"start":{"line":23,"column":42},"end":{"line":23,"column":54}},"5":{"start":{"line":24,"column":32},"end":{"line":24,"column":47}},"6":{"start":{"line":27,"column":2},"end":{"line":33,"column":4}},"7":{"start":{"line":29,"column":6},"end":{"line":31,"column":8}},"8":{"start":{"line":35,"column":22},"end":{"line":53,"column":3}},"9":{"start":{"line":36,"column":4},"end":{"line":36,"column":24}},"10":{"start":{"line":38,"column":4},"end":{"line":41,"column":5}},"11":{"start":{"line":39,"column":6},"end":{"line":39,"column":76}},"12":{"start":{"line":40,"column":6},"end":{"line":40,"column":13}},"13":{"start":{"line":43,"column":4},"end":{"line":52,"column":5}},"14":{"start":{"line":44,"column":6},"end":{"line":44,"column":23}},"15":{"start":{"line":45,"column":6},"end":{"line":45,"column":49}},"16":{"start":{"line":48,"column":8},"end":{"line":48,"column":86}},"17":{"start":{"line":49,"column":6},"end":{"line":49,"column":31}},"18":{"start":{"line":51,"column":6},"end":{"line":51,"column":24}},"19":{"start":{"line":55,"column":2},"end":{"line":105,"column":4}},"20":{"start":{"line":98,"column":27},"end":{"line":98,"column":56}}},"fnMap":{"0":{"name":"LoginScreen","decl":{"start":{"line":17,"column":24},"end":{"line":17,"column":35}},"loc":{"start":{"line":17,"column":38},"end":{"line":106,"column":1}},"line":17},"1":{"name":"(anonymous_1)","decl":{"start":{"line":28,"column":22},"end":{"line":28,"column":23}},"loc":{"start":{"line":28,"column":28},"end":{"line":32,"column":5}},"line":28},"2":{"name":"(anonymous_2)","decl":{"start":{"line":29,"column":13},"end":{"line":29,"column":14}},"loc":{"start":{"line":29,"column":19},"end":{"line":31,"column":7}},"line":29},"3":{"name":"(anonymous_3)","decl":{"start":{"line":35,"column":22},"end":{"line":35,"column":23}},"loc":{"start":{"line":35,"column":34},"end":{"line":53,"column":3}},"line":35},"4":{"name":"(anonymous_4)","decl":{"start":{"line":98,"column":21},"end":{"line":98,"column":22}},"loc":{"start":{"line":98,"column":27},"end":{"line":98,"column":56}},"line":98}},"branchMap":{"0":{"loc":{"start":{"line":38,"column":4},"end":{"line":41,"column":5}},"type":"if","locations":[{"start":{"line":38,"column":4},"end":{"line":41,"column":5}},{"start":{},"end":{}}],"line":38},"1":{"loc":{"start":{"line":38,"column":8},"end":{"line":38,"column":27}},"type":"binary-expr","locations":[{"start":{"line":38,"column":8},"end":{"line":38,"column":14}},{"start":{"line":38,"column":18},"end":{"line":38,"column":27}}],"line":38},"2":{"loc":{"start":{"line":48,"column":8},"end":{"line":48,"column":86}},"type":"binary-expr","locations":[{"start":{"line":48,"column":8},"end":{"line":48,"column":38}},{"start":{"line":48,"column":42},"end":{"line":48,"column":86}}],"line":48},"3":{"loc":{"start":{"line":81,"column":9},"end":{"line":85,"column":16}},"type":"cond-expr","locations":[{"start":{"line":82,"column":10},"end":{"line":84,"column":17}},{"start":{"line":85,"column":12},"end":{"line":85,"column":16}}],"line":81},"4":{"loc":{"start":{"line":88,"column":9},"end":{"line":92,"column":9}},"type":"cond-expr","locations":[{"start":{"line":89,"column":10},"end":{"line":89,"column":57}},{"start":{"line":91,"column":10},"end":{"line":91,"column":71}}],"line":88}},"s":{"0":9,"1":9,"2":9,"3":9,"4":9,"5":9,"6":9,"7":0,"8":9,"9":2,"10":2,"11":1,"12":1,"13":1,"14":1,"15":1,"16":0,"17":0,"18":1,"19":9,"20":1},"f":{"0":9,"1":0,"2":0,"3":2,"4":1},"b":{"0":[1,1],"1":[2,1],"2":[0,0],"3":[1,8],"4":[1,8]},"_coverageSchema":"1a1c01bbd47fc00a2c39e90264f33305004495a9","hash":"d5e3558f4a5a94d34464b8ffba2a14fc4a665ed9"}
,"C:\\Users\\bestm\\OneDrive\\Desktop\\test\\SugarRush_Frontend\\src\\screens\\PaymentScreen.jsx": {"path":"C:\\Users\\bestm\\OneDrive\\Desktop\\test\\SugarRush_Frontend\\src\\screens\\PaymentScreen.jsx","statementMap":{"0":{"start":{"line":19,"column":21},"end":{"line":19,"column":36}},"1":{"start":{"line":20,"column":41},"end":{"line":20,"column":51}},"2":{"start":{"line":22,"column":42},"end":{"line":22,"column":57}},"3":{"start":{"line":23,"column":54},"end":{"line":23,"column":69}},"4":{"start":{"line":24,"column":42},"end":{"line":24,"column":56}},"5":{"start":{"line":26,"column":30},"end":{"line":26,"column":42}},"6":{"start":{"line":27,"column":26},"end":{"line":27,"column":38}},"7":{"start":{"line":28,"column":30},"end":{"line":28,"column":42}},"8":{"start":{"line":29,"column":24},"end":{"line":29,"column":36}},"9":{"start":{"line":31,"column":27},"end":{"line":34,"column":3}},"10":{"start":{"line":32,"column":19},"end":{"line":32,"column":55}},"11":{"start":{"line":33,"column":4},"end":{"line":33,"column":51}},"12":{"start":{"line":36,"column":23},"end":{"line":56,"column":3}},"13":{"start":{"line":37,"column":19},"end":{"line":37,"column":54}},"14":{"start":{"line":39,"column":16},"end":{"line":39,"column":34}},"15":{"start":{"line":40,"column":17},"end":{"line":40,"column":32}},"16":{"start":{"line":42,"column":4},"end":{"line":45,"column":5}},"17":{"start":{"line":43,"column":23},"end":{"line":43,"column":42}},"18":{"start":{"line":44,"column":6},"end":{"line":44,"column":47}},"19":{"start":{"line":44,"column":24},"end":{"line":44,"column":47}},"20":{"start":{"line":47,"column":4},"end":{"line":51,"column":5}},"21":{"start":{"line":48,"column":23},"end":{"line":48,"column":42}},"22":{"start":{"line":49,"column":6},"end":{"line":49,"column":37}},"23":{"start":{"line":49,"column":24},"end":{"line":49,"column":37}},"24":{"start":{"line":50,"column":6},"end":{"line":50,"column":38}},"25":{"start":{"line":50,"column":25},"end":{"line":50,"column":38}},"26":{"start":{"line":53,"column":4},"end":{"line":53,"column":54}},"27":{"start":{"line":53,"column":28},"end":{"line":53,"column":54}},"28":{"start":{"line":55,"column":4},"end":{"line":55,"column":17}},"29":{"start":{"line":58,"column":24},"end":{"line":74,"column":3}},"30":{"start":{"line":59,"column":26},"end":{"line":59,"column":43}},"31":{"start":{"line":60,"column":4},"end":{"line":60,"column":38}},"32":{"start":{"line":60,"column":25},"end":{"line":60,"column":38}},"33":{"start":{"line":62,"column":21},"end":{"line":62,"column":40}},"34":{"start":{"line":63,"column":20},"end":{"line":63,"column":38}},"35":{"start":{"line":65,"column":24},"end":{"line":65,"column":34}},"36":{"start":{"line":66,"column":24},"end":{"line":66,"column":55}},"37":{"start":{"line":67,"column":25},"end":{"line":67,"column":51}},"38":{"start":{"line":69,"column":4},"end":{"line":69,"column":52}},"39":{"start":{"line":69,"column":39},"end":{"line":69,"column":52}},"40":{"start":{"line":70,"column":4},"end":{"line":70,"column":44}},"41":{"start":{"line":70,"column":31},"end":{"line":70,"column":44}},"42":{"start":{"line":71,"column":4},"end":{"line":71,"column":73}},"43":{"start":{"line":71,"column":60},"end":{"line":71,"column":73}},"44":{"start":{"line":73,"column":4},"end":{"line":73,"column":16}},"45":{"start":{"line":76,"column":25},"end":{"line":79,"column":3}},"46":{"start":{"line":77,"column":19},"end":{"line":77,"column":48}},"47":{"start":{"line":78,"column":4},"end":{"line":78,"column":48}},"48":{"start":{"line":81,"column":20},"end":{"line":86,"column":3}},"49":{"start":{"line":82,"column":4},"end":{"line":82,"column":18}},"50":{"start":{"line":83,"column":4},"end":{"line":83,"column":16}},"51":{"start":{"line":84,"column":4},"end":{"line":84,"column":18}},"52":{"start":{"line":85,"column":4},"end":{"line":85,"column":15}},"53":{"start":{"line":88,"column":24},"end":{"line":134,"column":3}},"54":{"start":{"line":89,"column":4},"end":{"line":92,"column":5}},"55":{"start":{"line":90,"column":6},"end":{"line":90,"column":56}},"56":{"start":{"line":91,"column":6},"end":{"line":91,"column":13}},"57":{"start":{"line":94,"column":4},"end":{"line":97,"column":5}},"58":{"start":{"line":95,"column":6},"end":{"line":95,"column":65}},"59":{"start":{"line":96,"column":6},"end":{"line":96,"column":13}},"60":{"start":{"line":99,"column":4},"end":{"line":102,"column":5}},"61":{"start":{"line":100,"column":6},"end":{"line":100,"column":75}},"62":{"start":{"line":101,"column":6},"end":{"line":101,"column":13}},"63":{"start":{"line":104,"column":4},"end":{"line":107,"column":5}},"64":{"start":{"line":105,"column":6},"end":{"line":105,"column":77}},"65":{"start":{"line":106,"column":6},"end":{"line":106,"column":13}},"66":{"start":{"line":109,"column":4},"end":{"line":112,"column":5}},"67":{"start":{"line":110,"column":6},"end":{"line":110,"column":61}},"68":{"start":{"line":111,"column":6},"end":{"line":111,"column":13}},"69":{"start":{"line":114,"column":26},"end":{"line":117,"column":5}},"70":{"start":{"line":116,"column":8},"end":{"line":116,"column":68}},"71":{"start":{"line":119,"column":4},"end":{"line":122,"column":5}},"72":{"start":{"line":120,"column":6},"end":{"line":120,"column":74}},"73":{"start":{"line":121,"column":6},"end":{"line":121,"column":13}},"74":{"start":{"line":124,"column":4},"end":{"line":130,"column":7}},"75":{"start":{"line":132,"column":4},"end":{"line":132,"column":16}},"76":{"start":{"line":133,"column":4},"end":{"line":133,"column":27}},"77":{"start":{"line":136,"column":26},"end":{"line":139,"column":3}},"78":{"start":{"line":137,"column":4},"end":{"line":137,"column":27}},"79":{"start":{"line":138,"column":4},"end":{"line":138,"column":32}},"80":{"start":{"line":141,"column":27},"end":{"line":148,"column":3}},"81":{"start":{"line":142,"column":4},"end":{"line":144,"column":5}},"82":{"start":{"line":143,"column":6},"end":{"line":143,"column":31}},"83":{"start":{"line":146,"column":4},"end":{"line":146,"column":26}},"84":{"start":{"line":147,"column":4},"end":{"line":147,"column":33}},"85":{"start":{"line":150,"column":2},"end":{"line":344,"column":4}},"86":{"start":{"line":158,"column":25},"end":{"line":158,"column":44}},"87":{"start":{"line":181,"column":12},"end":{"line":218,"column":31}},"88":{"start":{"line":193,"column":35},"end":{"line":193,"column":57}},"89":{"start":{"line":224,"column":25},"end":{"line":224,"column":46}},"90":{"start":{"line":245,"column":38},"end":{"line":245,"column":71}},"91":{"start":{"line":265,"column":40},"end":{"line":265,"column":69}},"92":{"start":{"line":276,"column":18},"end":{"line":276,"column":61}},"93":{"start":{"line":296,"column":16},"end":{"line":296,"column":28}},"94":{"start":{"line":297,"column":16},"end":{"line":297,"column":39}},"95":{"start":{"line":324,"column":18},"end":{"line":324,"column":40}},"96":{"start":{"line":325,"column":18},"end":{"line":325,"column":47}}},"fnMap":{"0":{"name":"PaymentScreen","decl":{"start":{"line":18,"column":24},"end":{"line":18,"column":37}},"loc":{"start":{"line":18,"column":40},"end":{"line":345,"column":1}},"line":18},"1":{"name":"(anonymous_1)","decl":{"start":{"line":31,"column":27},"end":{"line":31,"column":28}},"loc":{"start":{"line":31,"column":37},"end":{"line":34,"column":3}},"line":31},"2":{"name":"(anonymous_2)","decl":{"start":{"line":36,"column":23},"end":{"line":36,"column":24}},"loc":{"start":{"line":36,"column":33},"end":{"line":56,"column":3}},"line":36},"3":{"name":"(anonymous_3)","decl":{"start":{"line":58,"column":24},"end":{"line":58,"column":25}},"loc":{"start":{"line":58,"column":30},"end":{"line":74,"column":3}},"line":58},"4":{"name":"(anonymous_4)","decl":{"start":{"line":76,"column":25},"end":{"line":76,"column":26}},"loc":{"start":{"line":76,"column":41},"end":{"line":79,"column":3}},"line":76},"5":{"name":"(anonymous_5)","decl":{"start":{"line":81,"column":20},"end":{"line":81,"column":21}},"loc":{"start":{"line":81,"column":26},"end":{"line":86,"column":3}},"line":81},"6":{"name":"(anonymous_6)","decl":{"start":{"line":88,"column":24},"end":{"line":88,"column":25}},"loc":{"start":{"line":88,"column":30},"end":{"line":134,"column":3}},"line":88},"7":{"name":"(anonymous_7)","decl":{"start":{"line":115,"column":6},"end":{"line":115,"column":7}},"loc":{"start":{"line":116,"column":8},"end":{"line":116,"column":68}},"line":116},"8":{"name":"(anonymous_8)","decl":{"start":{"line":136,"column":26},"end":{"line":136,"column":27}},"loc":{"start":{"line":136,"column":37},"end":{"line":139,"column":3}},"line":136},"9":{"name":"(anonymous_9)","decl":{"start":{"line":141,"column":27},"end":{"line":141,"column":28}},"loc":{"start":{"line":141,"column":33},"end":{"line":148,"column":3}},"line":141},"10":{"name":"(anonymous_10)","decl":{"start":{"line":158,"column":19},"end":{"line":158,"column":20}},"loc":{"start":{"line":158,"column":25},"end":{"line":158,"column":44}},"line":158},"11":{"name":"(anonymous_11)","decl":{"start":{"line":180,"column":20},"end":{"line":180,"column":21}},"loc":{"start":{"line":181,"column":12},"end":{"line":218,"column":31}},"line":181},"12":{"name":"(anonymous_12)","decl":{"start":{"line":193,"column":29},"end":{"line":193,"column":30}},"loc":{"start":{"line":193,"column":35},"end":{"line":193,"column":57}},"line":193},"13":{"name":"(anonymous_13)","decl":{"start":{"line":224,"column":19},"end":{"line":224,"column":20}},"loc":{"start":{"line":224,"column":25},"end":{"line":224,"column":46}},"line":224},"14":{"name":"(anonymous_14)","decl":{"start":{"line":245,"column":28},"end":{"line":245,"column":29}},"loc":{"start":{"line":245,"column":38},"end":{"line":245,"column":71}},"line":245},"15":{"name":"(anonymous_15)","decl":{"start":{"line":265,"column":30},"end":{"line":265,"column":31}},"loc":{"start":{"line":265,"column":40},"end":{"line":265,"column":69}},"line":265},"16":{"name":"(anonymous_16)","decl":{"start":{"line":275,"column":30},"end":{"line":275,"column":31}},"loc":{"start":{"line":276,"column":18},"end":{"line":276,"column":61}},"line":276},"17":{"name":"(anonymous_17)","decl":{"start":{"line":295,"column":23},"end":{"line":295,"column":24}},"loc":{"start":{"line":295,"column":29},"end":{"line":298,"column":15}},"line":295},"18":{"name":"(anonymous_18)","decl":{"start":{"line":323,"column":25},"end":{"line":323,"column":26}},"loc":{"start":{"line":323,"column":31},"end":{"line":326,"column":17}},"line":323}},"branchMap":{"0":{"loc":{"start":{"line":42,"column":4},"end":{"line":45,"column":5}},"type":"if","locations":[{"start":{"line":42,"column":4},"end":{"line":45,"column":5}},{"start":{},"end":{}}],"line":42},"1":{"loc":{"start":{"line":44,"column":6},"end":{"line":44,"column":47}},"type":"if","locations":[{"start":{"line":44,"column":6},"end":{"line":44,"column":47}},{"start":{},"end":{}}],"line":44},"2":{"loc":{"start":{"line":47,"column":4},"end":{"line":51,"column":5}},"type":"if","locations":[{"start":{"line":47,"column":4},"end":{"line":51,"column":5}},{"start":{},"end":{}}],"line":47},"3":{"loc":{"start":{"line":49,"column":6},"end":{"line":49,"column":37}},"type":"if","locations":[{"start":{"line":49,"column":6},"end":{"line":49,"column":37}},{"start":{},"end":{}}],"line":49},"4":{"loc":{"start":{"line":50,"column":6},"end":{"line":50,"column":38}},"type":"if","locations":[{"start":{"line":50,"column":6},"end":{"line":50,"column":38}},{"start":{},"end":{}}],"line":50},"5":{"loc":{"start":{"line":53,"column":4},"end":{"line":53,"column":54}},"type":"if","locations":[{"start":{"line":53,"column":4},"end":{"line":53,"column":54}},{"start":{},"end":{}}],"line":53},"6":{"loc":{"start":{"line":60,"column":4},"end":{"line":60,"column":38}},"type":"if","locations":[{"start":{"line":60,"column":4},"end":{"line":60,"column":38}},{"start":{},"end":{}}],"line":60},"7":{"loc":{"start":{"line":60,"column":8},"end":{"line":60,"column":23}},"type":"binary-expr","locations":[{"start":{"line":60,"column":8},"end":{"line":60,"column":14}},{"start":{"line":60,"column":18},"end":{"line":60,"column":23}}],"line":60},"8":{"loc":{"start":{"line":69,"column":4},"end":{"line":69,"column":52}},"type":"if","locations":[{"start":{"line":69,"column":4},"end":{"line":69,"column":52}},{"start":{},"end":{}}],"line":69},"9":{"loc":{"start":{"line":69,"column":8},"end":{"line":69,"column":37}},"type":"binary-expr","locations":[{"start":{"line":69,"column":8},"end":{"line":69,"column":20}},{"start":{"line":69,"column":24},"end":{"line":69,"column":37}}],"line":69},"10":{"loc":{"start":{"line":70,"column":4},"end":{"line":70,"column":44}},"type":"if","locations":[{"start":{"line":70,"column":4},"end":{"line":70,"column":44}},{"start":{},"end":{}}],"line":70},"11":{"loc":{"start":{"line":71,"column":4},"end":{"line":71,"column":73}},"type":"if","locations":[{"start":{"line":71,"column":4},"end":{"line":71,"column":73}},{"start":{},"end":{}}],"line":71},"12":{"loc":{"start":{"line":71,"column":8},"end":{"line":71,"column":58}},"type":"binary-expr","locations":[{"start":{"line":71,"column":8},"end":{"line":71,"column":31}},{"start":{"line":71,"column":35},"end":{"line":71,"column":58}}],"line":71},"13":{"loc":{"start":{"line":89,"column":4},"end":{"line":92,"column":5}},"type":"if","locations":[{"start":{"line":89,"column":4},"end":{"line":92,"column":5}},{"start":{},"end":{}}],"line":89},"14":{"loc":{"start":{"line":89,"column":8},"end":{"line":89,"column":43}},"type":"binary-expr","locations":[{"start":{"line":89,"column":8},"end":{"line":89,"column":15}},{"start":{"line":89,"column":19},"end":{"line":89,"column":24}},{"start":{"line":89,"column":28},"end":{"line":89,"column":35}},{"start":{"line":89,"column":39},"end":{"line":89,"column":43}}],"line":89},"15":{"loc":{"start":{"line":94,"column":4},"end":{"line":97,"column":5}},"type":"if","locations":[{"start":{"line":94,"column":4},"end":{"line":97,"column":5}},{"start":{},"end":{}}],"line":94},"16":{"loc":{"start":{"line":99,"column":4},"end":{"line":102,"column":5}},"type":"if","locations":[{"start":{"line":99,"column":4},"end":{"line":102,"column":5}},{"start":{},"end":{}}],"line":99},"17":{"loc":{"start":{"line":104,"column":4},"end":{"line":107,"column":5}},"type":"if","locations":[{"start":{"line":104,"column":4},"end":{"line":107,"column":5}},{"start":{},"end":{}}],"line":104},"18":{"loc":{"start":{"line":109,"column":4},"end":{"line":112,"column":5}},"type":"if","locations":[{"start":{"line":109,"column":4},"end":{"line":112,"column":5}},{"start":{},"end":{}}],"line":109},"19":{"loc":{"start":{"line":119,"column":4},"end":{"line":122,"column":5}},"type":"if","locations":[{"start":{"line":119,"column":4},"end":{"line":122,"column":5}},{"start":{},"end":{}}],"line":119},"20":{"loc":{"start":{"line":142,"column":4},"end":{"line":144,"column":5}},"type":"if","locations":[{"start":{"line":142,"column":4},"end":{"line":144,"column":5}},{"start":{},"end":{}}],"line":142},"21":{"loc":{"start":{"line":168,"column":9},"end":{"line":220,"column":9}},"type":"cond-expr","locations":[{"start":{"line":169,"column":10},"end":{"line":178,"column":17}},{"start":{"line":180,"column":10},"end":{"line":219,"column":12}}],"line":168}},"s":{"0":46,"1":46,"2":46,"3":46,"4":46,"5":46,"6":46,"7":46,"8":46,"9":46,"10":6,"11":6,"12":46,"13":6,"14":6,"15":6,"16":6,"17":0,"18":0,"19":0,"20":6,"21":6,"22":6,"23":0,"24":6,"25":0,"26":6,"27":6,"28":0,"29":46,"30":4,"31":4,"32":0,"33":4,"34":4,"35":4,"36":4,"37":4,"38":4,"39":0,"40":4,"41":1,"42":3,"43":0,"44":3,"45":46,"46":7,"47":7,"48":46,"49":2,"50":2,"51":2,"52":2,"53":46,"54":7,"55":1,"56":1,"57":6,"58":1,"59":1,"60":5,"61":1,"62":1,"63":4,"64":1,"65":1,"66":3,"67":1,"68":1,"69":2,"70":1,"71":2,"72":1,"73":1,"74":1,"75":1,"76":1,"77":46,"78":0,"79":0,"80":46,"81":0,"82":0,"83":0,"84":0,"85":46,"86":0,"87":7,"88":0,"89":9,"90":6,"91":6,"92":6,"93":1,"94":1,"95":0,"96":0},"f":{"0":46,"1":6,"2":6,"3":4,"4":7,"5":2,"6":7,"7":1,"8":0,"9":0,"10":0,"11":7,"12":0,"13":9,"14":6,"15":6,"16":6,"17":1,"18":0},"b":{"0":[0,6],"1":[0,0],"2":[6,0],"3":[0,6],"4":[0,6],"5":[6,0],"6":[0,4],"7":[4,4],"8":[0,4],"9":[4,4],"10":[1,3],"11":[0,3],"12":[3,0],"13":[1,6],"14":[7,6,6,6],"15":[1,5],"16":[1,4],"17":[1,3],"18":[1,2],"19":[1,1],"20":[0,0],"21":[39,7]},"_coverageSchema":"1a1c01bbd47fc00a2c39e90264f33305004495a9","hash":"bcb717442acbff45624cf4f8d006e1fab7a62bb6"}
,"C:\\Users\\bestm\\OneDrive\\Desktop\\test\\SugarRush_Frontend\\src\\screens\\ProfileScreen.jsx": {"path":"C:\\Users\\bestm\\OneDrive\\Desktop\\test\\SugarRush_Frontend\\src\\screens\\ProfileScreen.jsx","statementMap":{"0":{"start":{"line":15,"column":40},"end":{"line":15,"column":63}},"1":{"start":{"line":17,"column":38},"end":{"line":17,"column":53}},"2":{"start":{"line":19,"column":24},"end":{"line":33,"column":19}},"3":{"start":{"line":20,"column":4},"end":{"line":32,"column":5}},"4":{"start":{"line":21,"column":6},"end":{"line":21,"column":26}},"5":{"start":{"line":23,"column":6},"end":{"line":23,"column":60}},"6":{"start":{"line":25,"column":6},"end":{"line":25,"column":28}},"7":{"start":{"line":27,"column":6},"end":{"line":27,"column":58}},"8":{"start":{"line":29,"column":6},"end":{"line":29,"column":55}},"9":{"start":{"line":31,"column":6},"end":{"line":31,"column":27}},"10":{"start":{"line":35,"column":21},"end":{"line":35,"column":36}},"11":{"start":{"line":36,"column":18},"end":{"line":36,"column":45}},"12":{"start":{"line":37,"column":20},"end":{"line":37,"column":41}},"13":{"start":{"line":39,"column":2},"end":{"line":223,"column":4}},"14":{"start":{"line":69,"column":25},"end":{"line":69,"column":53}},"15":{"start":{"line":123,"column":14},"end":{"line":142,"column":21}},"16":{"start":{"line":156,"column":27},"end":{"line":156,"column":62}},"17":{"start":{"line":172,"column":25},"end":{"line":172,"column":61}},"18":{"start":{"line":187,"column":25},"end":{"line":187,"column":55}},"19":{"start":{"line":203,"column":27},"end":{"line":203,"column":60}}},"fnMap":{"0":{"name":"ProfileScreen","decl":{"start":{"line":14,"column":24},"end":{"line":14,"column":37}},"loc":{"start":{"line":14,"column":40},"end":{"line":224,"column":1}},"line":14},"1":{"name":"(anonymous_1)","decl":{"start":{"line":19,"column":36},"end":{"line":19,"column":37}},"loc":{"start":{"line":19,"column":48},"end":{"line":33,"column":3}},"line":19},"2":{"name":"(anonymous_2)","decl":{"start":{"line":69,"column":19},"end":{"line":69,"column":20}},"loc":{"start":{"line":69,"column":25},"end":{"line":69,"column":53}},"line":69},"3":{"name":"(anonymous_3)","decl":{"start":{"line":122,"column":27},"end":{"line":122,"column":28}},"loc":{"start":{"line":123,"column":14},"end":{"line":142,"column":21}},"line":123},"4":{"name":"(anonymous_4)","decl":{"start":{"line":156,"column":21},"end":{"line":156,"column":22}},"loc":{"start":{"line":156,"column":27},"end":{"line":156,"column":62}},"line":156},"5":{"name":"(anonymous_5)","decl":{"start":{"line":172,"column":19},"end":{"line":172,"column":20}},"loc":{"start":{"line":172,"column":25},"end":{"line":172,"column":61}},"line":172},"6":{"name":"(anonymous_6)","decl":{"start":{"line":187,"column":19},"end":{"line":187,"column":20}},"loc":{"start":{"line":187,"column":25},"end":{"line":187,"column":55}},"line":187},"7":{"name":"(anonymous_7)","decl":{"start":{"line":203,"column":21},"end":{"line":203,"column":22}},"loc":{"start":{"line":203,"column":27},"end":{"line":203,"column":60}},"line":203}},"branchMap":{"0":{"loc":{"start":{"line":37,"column":20},"end":{"line":37,"column":41}},"type":"binary-expr","locations":[{"start":{"line":37,"column":20},"end":{"line":37,"column":35}},{"start":{"line":37,"column":39},"end":{"line":37,"column":41}}],"line":37},"1":{"loc":{"start":{"line":64,"column":36},"end":{"line":64,"column":64}},"type":"binary-expr","locations":[{"start":{"line":64,"column":36},"end":{"line":64,"column":47}},{"start":{"line":64,"column":51},"end":{"line":64,"column":64}}],"line":64},"2":{"loc":{"start":{"line":93,"column":47},"end":{"line":93,"column":85}},"type":"binary-expr","locations":[{"start":{"line":93,"column":47},"end":{"line":93,"column":80}},{"start":{"line":93,"column":84},"end":{"line":93,"column":85}}],"line":93},"3":{"loc":{"start":{"line":98,"column":47},"end":{"line":98,"column":85}},"type":"binary-expr","locations":[{"start":{"line":98,"column":47},"end":{"line":98,"column":80}},{"start":{"line":98,"column":84},"end":{"line":98,"column":85}}],"line":98},"4":{"loc":{"start":{"line":106,"column":54},"end":{"line":106,"column":83}},"type":"binary-expr","locations":[{"start":{"line":106,"column":54},"end":{"line":106,"column":78}},{"start":{"line":106,"column":82},"end":{"line":106,"column":83}}],"line":106},"5":{"loc":{"start":{"line":116,"column":9},"end":{"line":147,"column":9}},"type":"cond-expr","locations":[{"start":{"line":117,"column":10},"end":{"line":144,"column":23}},{"start":{"line":146,"column":10},"end":{"line":146,"column":74}}],"line":116},"6":{"loc":{"start":{"line":153,"column":9},"end":{"line":168,"column":16}},"type":"cond-expr","locations":[{"start":{"line":154,"column":10},"end":{"line":167,"column":29}},{"start":{"line":168,"column":12},"end":{"line":168,"column":16}}],"line":153},"7":{"loc":{"start":{"line":200,"column":9},"end":{"line":215,"column":16}},"type":"cond-expr","locations":[{"start":{"line":201,"column":10},"end":{"line":214,"column":29}},{"start":{"line":215,"column":12},"end":{"line":215,"column":16}}],"line":200}},"s":{"0":12,"1":12,"2":12,"3":0,"4":0,"5":0,"6":0,"7":0,"8":0,"9":0,"10":12,"11":12,"12":12,"13":12,"14":1,"15":1,"16":1,"17":1,"18":1,"19":1},"f":{"0":12,"1":0,"2":1,"3":1,"4":1,"5":1,"6":1,"7":1},"b":{"0":[12,0],"1":[12,1],"2":[12,1],"3":[12,1],"4":[12,0],"5":[1,11],"6":[11,1],"7":[1,11]},"_coverageSchema":"1a1c01bbd47fc00a2c39e90264f33305004495a9","hash":"88bda61d6f96f7568ef9be9a68e26b810e3c5680"}
,"C:\\Users\\bestm\\OneDrive\\Desktop\\test\\SugarRush_Frontend\\src\\screens\\SignupScreen.jsx": {"path":"C:\\Users\\bestm\\OneDrive\\Desktop\\test\\SugarRush_Frontend\\src\\screens\\SignupScreen.jsx","statementMap":{"0":{"start":{"line":28,"column":30},"end":{"line":28,"column":53}},"1":{"start":{"line":30,"column":21},"end":{"line":30,"column":36}},"2":{"start":{"line":35,"column":34},"end":{"line":35,"column":46}},"3":{"start":{"line":36,"column":28},"end":{"line":36,"column":40}},"4":{"start":{"line":37,"column":34},"end":{"line":37,"column":46}},"5":{"start":{"line":39,"column":28},"end":{"line":39,"column":40}},"6":{"start":{"line":40,"column":28},"end":{"line":40,"column":40}},"7":{"start":{"line":41,"column":28},"end":{"line":41,"column":40}},"8":{"start":{"line":42,"column":32},"end":{"line":42,"column":44}},"9":{"start":{"line":45,"column":4},"end":{"line":45,"column":23}},"10":{"start":{"line":47,"column":32},"end":{"line":47,"column":47}},"11":{"start":{"line":48,"column":36},"end":{"line":48,"column":51}},"12":{"start":{"line":51,"column":42},"end":{"line":51,"column":54}},"13":{"start":{"line":52,"column":30},"end":{"line":52,"column":42}},"14":{"start":{"line":57,"column":23},"end":{"line":170,"column":3}},"15":{"start":{"line":59,"column":4},"end":{"line":59,"column":23}},"16":{"start":{"line":62,"column":4},"end":{"line":62,"column":24}},"17":{"start":{"line":63,"column":4},"end":{"line":63,"column":18}},"18":{"start":{"line":66,"column":22},"end":{"line":66,"column":24}},"19":{"start":{"line":68,"column":23},"end":{"line":68,"column":51}},"20":{"start":{"line":69,"column":26},"end":{"line":69,"column":48}},"21":{"start":{"line":70,"column":26},"end":{"line":70,"column":82}},"22":{"start":{"line":72,"column":4},"end":{"line":73,"column":127}},"23":{"start":{"line":72,"column":19},"end":{"line":72,"column":75}},"24":{"start":{"line":73,"column":9},"end":{"line":73,"column":127}},"25":{"start":{"line":73,"column":44},"end":{"line":73,"column":127}},"26":{"start":{"line":75,"column":4},"end":{"line":76,"column":86}},"27":{"start":{"line":75,"column":16},"end":{"line":75,"column":56}},"28":{"start":{"line":76,"column":9},"end":{"line":76,"column":86}},"29":{"start":{"line":76,"column":38},"end":{"line":76,"column":86}},"30":{"start":{"line":78,"column":4},"end":{"line":81,"column":5}},"31":{"start":{"line":78,"column":19},"end":{"line":78,"column":70}},"32":{"start":{"line":79,"column":9},"end":{"line":81,"column":5}},"33":{"start":{"line":80,"column":6},"end":{"line":80,"column":127}},"34":{"start":{"line":83,"column":4},"end":{"line":83,"column":58}},"35":{"start":{"line":83,"column":16},"end":{"line":83,"column":58}},"36":{"start":{"line":85,"column":4},"end":{"line":86,"column":85}},"37":{"start":{"line":85,"column":16},"end":{"line":85,"column":66}},"38":{"start":{"line":86,"column":9},"end":{"line":86,"column":85}},"39":{"start":{"line":86,"column":31},"end":{"line":86,"column":85}},"40":{"start":{"line":88,"column":4},"end":{"line":93,"column":5}},"41":{"start":{"line":88,"column":16},"end":{"line":88,"column":61}},"42":{"start":{"line":91,"column":26},"end":{"line":91,"column":50}},"43":{"start":{"line":92,"column":6},"end":{"line":92,"column":116}},"44":{"start":{"line":92,"column":37},"end":{"line":92,"column":116}},"45":{"start":{"line":95,"column":4},"end":{"line":95,"column":63}},"46":{"start":{"line":95,"column":18},"end":{"line":95,"column":63}},"47":{"start":{"line":97,"column":4},"end":{"line":100,"column":5}},"48":{"start":{"line":98,"column":6},"end":{"line":98,"column":27}},"49":{"start":{"line":99,"column":6},"end":{"line":99,"column":13}},"50":{"start":{"line":102,"column":4},"end":{"line":169,"column":5}},"51":{"start":{"line":104,"column":6},"end":{"line":104,"column":23}},"52":{"start":{"line":106,"column":6},"end":{"line":110,"column":9}},"53":{"start":{"line":113,"column":6},"end":{"line":122,"column":9}},"54":{"start":{"line":124,"column":6},"end":{"line":124,"column":38}},"55":{"start":{"line":127,"column":6},"end":{"line":130,"column":8}},"56":{"start":{"line":134,"column":6},"end":{"line":137,"column":8}},"57":{"start":{"line":140,"column":8},"end":{"line":140,"column":38}},"58":{"start":{"line":143,"column":6},"end":{"line":164,"column":7}},"59":{"start":{"line":145,"column":8},"end":{"line":147,"column":10}},"60":{"start":{"line":149,"column":13},"end":{"line":164,"column":7}},"61":{"start":{"line":154,"column":8},"end":{"line":156,"column":10}},"62":{"start":{"line":160,"column":8},"end":{"line":163,"column":10}},"63":{"start":{"line":168,"column":6},"end":{"line":168,"column":24}},"64":{"start":{"line":175,"column":2},"end":{"line":374,"column":4}},"65":{"start":{"line":231,"column":33},"end":{"line":231,"column":48}},"66":{"start":{"line":231,"column":49},"end":{"line":231,"column":114}},"67":{"start":{"line":231,"column":70},"end":{"line":231,"column":114}},"68":{"start":{"line":231,"column":88},"end":{"line":231,"column":111}},"69":{"start":{"line":240,"column":33},"end":{"line":240,"column":45}},"70":{"start":{"line":240,"column":46},"end":{"line":240,"column":105}},"71":{"start":{"line":240,"column":64},"end":{"line":240,"column":105}},"72":{"start":{"line":240,"column":82},"end":{"line":240,"column":102}},"73":{"start":{"line":251,"column":33},"end":{"line":251,"column":48}},"74":{"start":{"line":251,"column":49},"end":{"line":251,"column":114}},"75":{"start":{"line":251,"column":70},"end":{"line":251,"column":114}},"76":{"start":{"line":251,"column":88},"end":{"line":251,"column":111}},"77":{"start":{"line":260,"column":33},"end":{"line":260,"column":45}},"78":{"start":{"line":260,"column":46},"end":{"line":260,"column":105}},"79":{"start":{"line":260,"column":64},"end":{"line":260,"column":105}},"80":{"start":{"line":260,"column":82},"end":{"line":260,"column":102}},"81":{"start":{"line":269,"column":33},"end":{"line":269,"column":45}},"82":{"start":{"line":269,"column":46},"end":{"line":269,"column":105}},"83":{"start":{"line":269,"column":64},"end":{"line":269,"column":105}},"84":{"start":{"line":269,"column":82},"end":{"line":269,"column":102}},"85":{"start":{"line":278,"column":33},"end":{"line":278,"column":45}},"86":{"start":{"line":278,"column":46},"end":{"line":278,"column":105}},"87":{"start":{"line":278,"column":64},"end":{"line":278,"column":105}},"88":{"start":{"line":278,"column":82},"end":{"line":278,"column":102}},"89":{"start":{"line":288,"column":33},"end":{"line":288,"column":47}},"90":{"start":{"line":288,"column":48},"end":{"line":288,"column":111}},"91":{"start":{"line":288,"column":68},"end":{"line":288,"column":111}},"92":{"start":{"line":288,"column":86},"end":{"line":288,"column":108}},"93":{"start":{"line":307,"column":14},"end":{"line":324,"column":33}},"94":{"start":{"line":313,"column":31},"end":{"line":313,"column":52}},"95":{"start":{"line":356,"column":14},"end":{"line":356,"column":42}}},"fnMap":{"0":{"name":"SignupScreen","decl":{"start":{"line":26,"column":24},"end":{"line":26,"column":36}},"loc":{"start":{"line":26,"column":39},"end":{"line":375,"column":1}},"line":26},"1":{"name":"(anonymous_1)","decl":{"start":{"line":57,"column":23},"end":{"line":57,"column":24}},"loc":{"start":{"line":57,"column":35},"end":{"line":170,"column":3}},"line":57},"2":{"name":"(anonymous_2)","decl":{"start":{"line":231,"column":24},"end":{"line":231,"column":25}},"loc":{"start":{"line":231,"column":31},"end":{"line":231,"column":116}},"line":231},"3":{"name":"(anonymous_3)","decl":{"start":{"line":231,"column":80},"end":{"line":231,"column":81}},"loc":{"start":{"line":231,"column":88},"end":{"line":231,"column":111}},"line":231},"4":{"name":"(anonymous_4)","decl":{"start":{"line":240,"column":24},"end":{"line":240,"column":25}},"loc":{"start":{"line":240,"column":31},"end":{"line":240,"column":107}},"line":240},"5":{"name":"(anonymous_5)","decl":{"start":{"line":240,"column":74},"end":{"line":240,"column":75}},"loc":{"start":{"line":240,"column":82},"end":{"line":240,"column":102}},"line":240},"6":{"name":"(anonymous_6)","decl":{"start":{"line":251,"column":24},"end":{"line":251,"column":25}},"loc":{"start":{"line":251,"column":31},"end":{"line":251,"column":116}},"line":251},"7":{"name":"(anonymous_7)","decl":{"start":{"line":251,"column":80},"end":{"line":251,"column":81}},"loc":{"start":{"line":251,"column":88},"end":{"line":251,"column":111}},"line":251},"8":{"name":"(anonymous_8)","decl":{"start":{"line":260,"column":24},"end":{"line":260,"column":25}},"loc":{"start":{"line":260,"column":31},"end":{"line":260,"column":107}},"line":260},"9":{"name":"(anonymous_9)","decl":{"start":{"line":260,"column":74},"end":{"line":260,"column":75}},"loc":{"start":{"line":260,"column":82},"end":{"line":260,"column":102}},"line":260},"10":{"name":"(anonymous_10)","decl":{"start":{"line":269,"column":24},"end":{"line":269,"column":25}},"loc":{"start":{"line":269,"column":31},"end":{"line":269,"column":107}},"line":269},"11":{"name":"(anonymous_11)","decl":{"start":{"line":269,"column":74},"end":{"line":269,"column":75}},"loc":{"start":{"line":269,"column":82},"end":{"line":269,"column":102}},"line":269},"12":{"name":"(anonymous_12)","decl":{"start":{"line":278,"column":24},"end":{"line":278,"column":25}},"loc":{"start":{"line":278,"column":31},"end":{"line":278,"column":107}},"line":278},"13":{"name":"(anonymous_13)","decl":{"start":{"line":278,"column":74},"end":{"line":278,"column":75}},"loc":{"start":{"line":278,"column":82},"end":{"line":278,"column":102}},"line":278},"14":{"name":"(anonymous_14)","decl":{"start":{"line":288,"column":24},"end":{"line":288,"column":25}},"loc":{"start":{"line":288,"column":31},"end":{"line":288,"column":113}},"line":288},"15":{"name":"(anonymous_15)","decl":{"start":{"line":288,"column":78},"end":{"line":288,"column":79}},"loc":{"start":{"line":288,"column":86},"end":{"line":288,"column":108}},"line":288},"16":{"name":"(anonymous_16)","decl":{"start":{"line":305,"column":18},"end":{"line":305,"column":19}},"loc":{"start":{"line":307,"column":14},"end":{"line":324,"column":33}},"line":307},"17":{"name":"(anonymous_17)","decl":{"start":{"line":313,"column":25},"end":{"line":313,"column":26}},"loc":{"start":{"line":313,"column":31},"end":{"line":313,"column":52}},"line":313},"18":{"name":"(anonymous_18)","decl":{"start":{"line":355,"column":21},"end":{"line":355,"column":22}},"loc":{"start":{"line":356,"column":14},"end":{"line":356,"column":42}},"line":356}},"branchMap":{"0":{"loc":{"start":{"line":72,"column":4},"end":{"line":73,"column":127}},"type":"if","locations":[{"start":{"line":72,"column":4},"end":{"line":73,"column":127}},{"start":{"line":73,"column":9},"end":{"line":73,"column":127}}],"line":72},"1":{"loc":{"start":{"line":73,"column":9},"end":{"line":73,"column":127}},"type":"if","locations":[{"start":{"line":73,"column":9},"end":{"line":73,"column":127}},{"start":{},"end":{}}],"line":73},"2":{"loc":{"start":{"line":75,"column":4},"end":{"line":76,"column":86}},"type":"if","locations":[{"start":{"line":75,"column":4},"end":{"line":76,"column":86}},{"start":{"line":76,"column":9},"end":{"line":76,"column":86}}],"line":75},"3":{"loc":{"start":{"line":76,"column":9},"end":{"line":76,"column":86}},"type":"if","locations":[{"start":{"line":76,"column":9},"end":{"line":76,"column":86}},{"start":{},"end":{}}],"line":76},"4":{"loc":{"start":{"line":78,"column":4},"end":{"line":81,"column":5}},"type":"if","locations":[{"start":{"line":78,"column":4},"end":{"line":81,"column":5}},{"start":{"line":79,"column":9},"end":{"line":81,"column":5}}],"line":78},"5":{"loc":{"start":{"line":79,"column":9},"end":{"line":81,"column":5}},"type":"if","locations":[{"start":{"line":79,"column":9},"end":{"line":81,"column":5}},{"start":{},"end":{}}],"line":79},"6":{"loc":{"start":{"line":83,"column":4},"end":{"line":83,"column":58}},"type":"if","locations":[{"start":{"line":83,"
[...]
start":{"line":251,"column":49},"end":{"line":251,"column":114}},{"start":{},"end":{}}],"line":251},"26":{"loc":{"start":{"line":252,"column":17},"end":{"line":252,"column":49}},"type":"cond-expr","locations":[{"start":{"line":252,"column":29},"end":{"line":252,"column":44}},{"start":{"line":252,"column":47},"end":{"line":252,"column":49}}],"line":252},"27":{"loc":{"start":{"line":260,"column":46},"end":{"line":260,"column":105}},"type":"if","locations":[{"start":{"line":260,"column":46},"end":{"line":260,"column":105}},{"start":{},"end":{}}],"line":260},"28":{"loc":{"start":{"line":261,"column":17},"end":{"line":261,"column":46}},"type":"cond-expr","locations":[{"start":{"line":261,"column":29},"end":{"line":261,"column":41}},{"start":{"line":261,"column":44},"end":{"line":261,"column":46}}],"line":261},"29":{"loc":{"start":{"line":269,"column":46},"end":{"line":269,"column":105}},"type":"if","locations":[{"start":{"line":269,"column":46},"end":{"line":269,"column":105}},{"start":{},"end":{}}],"line":269},"30":{"loc":{"start":{"line":270,"column":17},"end":{"line":270,"column":46}},"type":"cond-expr","locations":[{"start":{"line":270,"column":29},"end":{"line":270,"column":41}},{"start":{"line":270,"column":44},"end":{"line":270,"column":46}}],"line":270},"31":{"loc":{"start":{"line":278,"column":46},"end":{"line":278,"column":105}},"type":"if","locations":[{"start":{"line":278,"column":46},"end":{"line":278,"column":105}},{"start":{},"end":{}}],"line":278},"32":{"loc":{"start":{"line":280,"column":17},"end":{"line":280,"column":46}},"type":"cond-expr","locations":[{"start":{"line":280,"column":29},"end":{"line":280,"column":41}},{"start":{"line":280,"column":44},"end":{"line":280,"column":46}}],"line":280},"33":{"loc":{"start":{"line":288,"column":48},"end":{"line":288,"column":111}},"type":"if","locations":[{"start":{"line":288,"column":48},"end":{"line":288,"column":111}},{"start":{},"end":{}}],"line":288},"34":{"loc":{"start":{"line":289,"column":17},"end":{"line":289,"column":48}},"type":"cond-expr","locations":[{"start":{"line":289,"column":29},"end":{"line":289,"column":43}},{"start":{"line":289,"column":46},"end":{"line":289,"column":48}}],"line":289},"35":{"loc":{"start":{"line":311,"column":18},"end":{"line":311,"column":60}},"type":"binary-expr","locations":[{"start":{"line":311,"column":18},"end":{"line":311,"column":39}},{"start":{"line":311,"column":43},"end":{"line":311,"column":60}}],"line":311},"36":{"loc":{"start":{"line":318,"column":20},"end":{"line":318,"column":66}},"type":"binary-expr","locations":[{"start":{"line":318,"column":20},"end":{"line":318,"column":41}},{"start":{"line":318,"column":45},"end":{"line":318,"column":66}}],"line":318},"37":{"loc":{"start":{"line":332,"column":9},"end":{"line":346,"column":9}},"type":"cond-expr","locations":[{"start":{"line":334,"column":10},"end":{"line":337,"column":12}},{"start":{"line":341,"column":10},"end":{"line":344,"column":12}}],"line":332}},"s":{"0":23,"1":23,"2":23,"3":23,"4":23,"5":23,"6":23,"7":23,"8":23,"9":23,"10":23,"11":23,"12":23,"13":23,"14":23,"15":3,"16":3,"17":3,"18":3,"19":3,"20":3,"21":3,"22":3,"23":1,"24":2,"25":0,"26":3,"27":1,"28":2,"29":1,"30":3,"31":1,"32":2,"33":0,"34":3,"35":1,"36":3,"37":1,"38":2,"39":0,"40":3,"41":1,"42":2,"43":2,"44":0,"45":3,"46":1,"47":3,"48":2,"49":2,"50":1,"51":1,"52":1,"53":1,"54":1,"55":1,"56":0,"57":0,"58":0,"59":0,"60":0,"61":0,"62":0,"63":1,"64":23,"65":2,"66":2,"67":0,"68":0,"69":2,"70":2,"71":0,"72":0,"73":2,"74":2,"75":0,"76":0,"77":2,"78":2,"79":0,"80":0,"81":2,"82":2,"83":0,"84":0,"85":2,"86":2,"87":0,"88":0,"89":2,"90":2,"91":0,"92":0,"93":69,"94":0,"95":1},"f":{"0":23,"1":3,"2":2,"3":0,"4":2,"5":0,"6":2,"7":0,"8":2,"9":0,"10":2,"11":0,"12":2,"13":0,"14":2,"15":0,"16":69,"17":0,"18":1},"b":{"0":[1,2],"1":[0,2],"2":[1,2],"3":[1,1],"4":[1,2],"5":[0,2],"6":[1,2],"7":[1,2],"8":[0,2],"9":[1,2],"10":[0,2],"11":[1,2],"12":[2,1],"13":[0,0],"14":[0,0],"15":[0,0],"16":[0,0],"17":[0,0],"18":[23,0],"19":[0,23],"20":[23,4],"21":[0,2],"22":[4,19],"23":[0,2],"24":[4,19],"25":[0,2],"26":[4,19],"27":[0,2],"28":[4,19],"29":[0,2],"30":[4,19],"31":[0,2],"32":[4,19],"33":[0,2],"34":[4,19],"35":[69,23],"36":[69,23],"37":[1,22]},"_coverageSchema":"1a1c01bbd47fc00a2c39e90264f33305004495a9","hash":"61c9f4f517274649bd8ffc0a8be468e8a0dfd742"}
,"C:\\Users\\bestm\\OneDrive\\Desktop\\test\\SugarRush_Frontend\\src\\screens\\TicketsScreen.jsx": {"path":"C:\\Users\\bestm\\OneDrive\\Desktop\\test\\SugarRush_Frontend\\src\\screens\\TicketsScreen.jsx","statementMap":{"0":{"start":{"line":18,"column":20},"end":{"line":26,"column":1}},"1":{"start":{"line":29,"column":20},"end":{"line":29,"column":30}},"2":{"start":{"line":30,"column":26},"end":{"line":30,"column":49}},"3":{"start":{"line":32,"column":38},"end":{"line":32,"column":53}},"4":{"start":{"line":34,"column":27},"end":{"line":34,"column":51}},"5":{"start":{"line":35,"column":34},"end":{"line":35,"column":45}},"6":{"start":{"line":36,"column":42},"end":{"line":36,"column":56}},"7":{"start":{"line":37,"column":28},"end":{"line":37,"column":42}},"8":{"start":{"line":39,"column":16},"end":{"line":39,"column":47}},"9":{"start":{"line":41,"column":20},"end":{"line":47,"column":3}},"10":{"start":{"line":42,"column":4},"end":{"line":42,"column":32}},"11":{"start":{"line":44,"column":4},"end":{"line":46,"column":13}},"12":{"start":{"line":45,"column":6},"end":{"line":45,"column":21}},"13":{"start":{"line":49,"column":20},"end":{"line":90,"column":3}},"14":{"start":{"line":50,"column":4},"end":{"line":53,"column":5}},"15":{"start":{"line":51,"column":6},"end":{"line":51,"column":37}},"16":{"start":{"line":52,"column":6},"end":{"line":52,"column":13}},"17":{"start":{"line":55,"column":4},"end":{"line":61,"column":5}},"18":{"start":{"line":56,"column":6},"end":{"line":59,"column":8}},"19":{"start":{"line":60,"column":6},"end":{"line":60,"column":13}},"20":{"start":{"line":63,"column":4},"end":{"line":89,"column":5}},"21":{"start":{"line":64,"column":6},"end":{"line":64,"column":26}},"22":{"start":{"line":66,"column":18},"end":{"line":70,"column":8}},"23":{"start":{"line":72,"column":6},"end":{"line":72,"column":51}},"24":{"start":{"line":74,"column":6},"end":{"line":77,"column":8}},"25":{"start":{"line":79,"column":6},"end":{"line":79,"column":21}},"26":{"start":{"line":82,"column":6},"end":{"line":82,"column":65}},"27":{"start":{"line":82,"column":45},"end":{"line":82,"column":65}},"28":{"start":{"line":85,"column":6},"end":{"line":85,"column":77}},"29":{"start":{"line":86,"column":6},"end":{"line":86,"column":72}},"30":{"start":{"line":88,"column":6},"end":{"line":88,"column":27}},"31":{"start":{"line":92,"column":2},"end":{"line":299,"column":4}},"32":{"start":{"line":123,"column":8},"end":{"line":138,"column":27}},"33":{"start":{"line":167,"column":27},"end":{"line":167,"column":68}},"34":{"start":{"line":182,"column":27},"end":{"line":182,"column":69}},"35":{"start":{"line":206,"column":25},"end":{"line":206,"column":55}},"36":{"start":{"line":224,"column":10},"end":{"line":253,"column":29}},"37":{"start":{"line":230,"column":27},"end":{"line":230,"column":48}}},"fnMap":{"0":{"name":"TicketsScreen","decl":{"start":{"line":28,"column":24},"end":{"line":28,"column":37}},"loc":{"start":{"line":28,"column":54},"end":{"line":300,"column":1}},"line":28},"1":{"name":"(anonymous_1)","decl":{"start":{"line":41,"column":20},"end":{"line":41,"column":21}},"loc":{"start":{"line":41,"column":48},"end":{"line":47,"column":3}},"line":41},"2":{"name":"(anonymous_2)","decl":{"start":{"line":44,"column":15},"end":{"line":44,"column":16}},"loc":{"start":{"line":44,"column":21},"end":{"line":46,"column":5}},"line":44},"3":{"name":"(anonymous_3)","decl":{"start":{"line":49,"column":20},"end":{"line":49,"column":21}},"loc":{"start":{"line":49,"column":32},"end":{"line":90,"column":3}},"line":49},"4":{"name":"(anonymous_4)","decl":{"start":{"line":122,"column":23},"end":{"line":122,"column":24}},"loc":{"start":{"line":123,"column":8},"end":{"line":138,"column":27}},"line":123},"5":{"name":"(anonymous_5)","decl":{"start":{"line":167,"column":21},"end":{"line":167,"column":22}},"loc":{"start":{"line":167,"column":27},"end":{"line":167,"column":68}},"line":167},"6":{"name":"(anonymous_6)","decl":{"start":{"line":182,"column":21},"end":{"line":182,"column":22}},"loc":{"start":{"line":182,"column":27},"end":{"line":182,"column":69}},"line":182},"7":{"name":"(anonymous_7)","decl":{"start":{"line":206,"column":19},"end":{"line":206,"column":20}},"loc":{"start":{"line":206,"column":25},"end":{"line":206,"column":55}},"line":206},"8":{"name":"(anonymous_8)","decl":{"start":{"line":223,"column":18},"end":{"line":223,"column":19}},"loc":{"start":{"line":224,"column":10},"end":{"line":253,"column":29}},"line":224},"9":{"name":"(anonymous_9)","decl":{"start":{"line":230,"column":21},"end":{"line":230,"column":22}},"loc":{"start":{"line":230,"column":27},"end":{"line":230,"column":48}},"line":230}},"branchMap":{"0":{"loc":{"start":{"line":41,"column":30},"end":{"line":41,"column":43}},"type":"default-arg","locations":[{"start":{"line":41,"column":37},"end":{"line":41,"column":43}}],"line":41},"1":{"loc":{"start":{"line":50,"column":4},"end":{"line":53,"column":5}},"type":"if","locations":[{"start":{"line":50,"column":4},"end":{"line":53,"column":5}},{"start":{},"end":{}}],"line":50},"2":{"loc":{"start":{"line":55,"column":4},"end":{"line":61,"column":5}},"type":"if","locations":[{"start":{"line":55,"column":4},"end":{"line":61,"column":5}},{"start":{},"end":{}}],"line":55},"3":{"loc":{"start":{"line":82,"column":6},"end":{"line":82,"column":65}},"type":"if","locations":[{"start":{"line":82,"column":6},"end":{"line":82,"column":65}},{"start":{},"end":{}}],"line":82},"4":{"loc":{"start":{"line":85,"column":37},"end":{"line":85,"column":75}},"type":"binary-expr","locations":[{"start":{"line":85,"column":37},"end":{"line":85,"column":58}},{"start":{"line":85,"column":62},"end":{"line":85,"column":75}}],"line":85},"5":{"loc":{"start":{"line":165,"column":14},"end":{"line":165,"column":61}},"type":"binary-expr","locations":[{"start":{"line":165,"column":14},"end":{"line":165,"column":28}},{"start":{"line":165,"column":32},"end":{"line":165,"column":61}}],"line":165},"6":{"loc":{"start":{"line":167,"column":27},"end":{"line":167,"column":68}},"type":"binary-expr","locations":[{"start":{"line":167,"column":27},"end":{"line":167,"column":39}},{"start":{"line":167,"column":43},"end":{"line":167,"column":68}}],"line":167},"7":{"loc":{"start":{"line":180,"column":14},"end":{"line":180,"column":62}},"type":"binary-expr","locations":[{"start":{"line":180,"column":14},"end":{"line":180,"column":29}},{"start":{"line":180,"column":33},"end":{"line":180,"column":62}}],"line":180},"8":{"loc":{"start":{"line":182,"column":27},"end":{"line":182,"column":69}},"type":"binary-expr","locations":[{"start":{"line":182,"column":27},"end":{"line":182,"column":40}},{"start":{"line":182,"column":44},"end":{"line":182,"column":69}}],"line":182},"9":{"loc":{"start":{"line":203,"column":7},"end":{"line":255,"column":7}},"type":"cond-expr","locations":[{"start":{"line":204,"column":8},"end":{"line":221,"column":27}},{"start":{"line":223,"column":8},"end":{"line":254,"column":10}}],"line":203},"10":{"loc":{"start":{"line":228,"column":14},"end":{"line":228,"column":72}},"type":"binary-expr","locations":[{"start":{"line":228,"column":14},"end":{"line":228,"column":42}},{"start":{"line":228,"column":46},"end":{"line":228,"column":72}}],"line":228},"11":{"loc":{"start":{"line":245,"column":13},"end":{"line":252,"column":13}},"type":"binary-expr","locations":[{"start":{"line":245,"column":13},"end":{"line":245,"column":41}},{"start":{"line":246,"column":14},"end":{"line":251,"column":16}}],"line":245},"12":{"loc":{"start":{"line":260,"column":10},"end":{"line":260,"column":64}},"type":"binary-expr","locations":[{"start":{"line":260,"column":10},"end":{"line":260,"column":26}},{"start":{"line":260,"column":30},"end":{"line":260,"column":43}},{"start":{"line":260,"column":47},"end":{"line":260,"column":64}}],"line":260},"13":{"loc":{"start":{"line":270,"column":7},"end":{"line":295,"column":7}},"type":"binary-expr","locations":[{"start":{"line":270,"column":7},"end":{"line":270,"column":12}},{"start":{"line":271,"column":8},"end":{"line":294,"column":15}}],"line":270},"14":{"loc":{"start":{"line":274,"column":12},"end":{"line":275,"column":33}},"type":"binary-expr","locations":[{"start":{"line":274,"column":12},"end":{"line":274,"column":36}},{"start":{"line":275,"column":14},"end":{"line":275,"column":33}}],"line":274},"15":{"loc":{"start":{"line":277,"column":12},"end":{"line":278,"column":33}},"type":"binary-expr","locations":[{"start":{"line":277,"column":12},"end":{"line":277,"column":36}},{"start":{"line":278,"column":14},"end":{"line":278,"column":33}}],"line":277},"16":{"loc":{"start":{"line":283,"column":14},"end":{"line":285,"column":32}},"type":"cond-expr","locations":[{"start":{"line":284,"column":18},"end":{"line":284,"column":36}},{"start":{"line":285,"column":18},"end":{"line":285,"column":32}}],"line":283}},"s":{"0":1,"1":10,"2":10,"3":10,"4":10,"5":10,"6":10,"7":10,"8":10,"9":10,"10":2,"11":2,"12":0,"13":10,"14":3,"15":1,"16":1,"17":2,"18":1,"19":1,"20":1,"21":1,"22":1,"23":1,"24":1,"25":1,"26":1,"27":1,"28":0,"29":0,"30":1,"31":10,"32":10,"33":0,"34":0,"35":0,"36":7,"37":1},"f":{"0":10,"1":2,"2":0,"3":3,"4":10,"5":0,"6":0,"7":0,"8":7,"9":1},"b":{"0":[0],"1":[1,2],"2":[1,1],"3":[1,0],"4":[0,0],"5":[10,10],"6":[0,0],"7":[10,0],"8":[0,0],"9":[3,7],"10":[7,3],"11":[7,3],"12":[10,7,4],"13":[10,2],"14":[2,1],"15":[2,1],"16":[1,1]},"_coverageSchema":"1a1c01bbd47fc00a2c39e90264f33305004495a9","hash":"97a36efe6aa092ca68ed30d4e9c4e232b60220aa"}
,"C:\\Users\\bestm\\OneDrive\\Desktop\\test\\SugarRush_Frontend\\src\\services\\api.jsx": {"path":"C:\\Users\\bestm\\OneDrive\\Desktop\\test\\SugarRush_Frontend\\src\\services\\api.jsx","statementMap":{"0":{"start":{"line":6,"column":2},"end":{"line":7,"column":51}},"1":{"start":{"line":9,"column":12},"end":{"line":11,"column":2}},"2":{"start":{"line":17,"column":0},"end":{"line":31,"column":2}},"3":{"start":{"line":19,"column":18},"end":{"line":19,"column":47}},"4":{"start":{"line":21,"column":4},"end":{"line":23,"column":5}},"5":{"start":{"line":22,"column":6},"end":{"line":22,"column":55}},"6":{"start":{"line":25,"column":4},"end":{"line":25,"column":18}},"7":{"start":{"line":29,"column":4},"end":{"line":29,"column":33}},"8":{"start":{"line":37,"column":0},"end":{"line":45,"column":2}},"9":{"start":{"line":38,"column":16},"end":{"line":38,"column":24}},"10":{"start":{"line":41,"column":4},"end":{"line":41,"column":70}},"11":{"start":{"line":43,"column":4},"end":{"line":43,"column":33}}},"fnMap":{"0":{"name":"(anonymous_0)","decl":{"start":{"line":18,"column":2},"end":{"line":18,"column":3}},"loc":{"start":{"line":18,"column":20},"end":{"line":26,"column":3}},"line":18},"1":{"name":"(anonymous_1)","decl":{"start":{"line":28,"column":2},"end":{"line":28,"column":3}},"loc":{"start":{"line":28,"column":13},"end":{"line":30,"column":3}},"line":28},"2":{"name":"(anonymous_2)","decl":{"start":{"line":38,"column":2},"end":{"line":38,"column":3}},"loc":{"start":{"line":38,"column":16},"end":{"line":38,"column":24}},"line":38},"3":{"name":"(anonymous_3)","decl":{"start":{"line":40,"column":2},"end":{"line":40,"column":3}},"loc":{"start":{"line":40,"column":19},"end":{"line":44,"column":3}},"line":40}},"branchMap":{"0":{"loc":{"start":{"line":6,"column":2},"end":{"line":7,"column":51}},"type":"binary-expr","locations":[{"start":{"line":6,"column":2},"end":{"line":6,"column":33}},{"start":{"line":7,"column":2},"end":{"line":7,"column":51}}],"line":6},"1":{"loc":{"start":{"line":21,"column":4},"end":{"line":23,"column":5}},"type":"if","locations":[{"start":{"line":21,"column":4},"end":{"line":23,"column":5}},{"start":{},"end":{}}],"line":21},"2":{"loc":{"start":{"line":41,"column":30},"end":{"line":41,"column":68}},"type":"binary-expr","locations":[{"start":{"line":41,"column":30},"end":{"line":41,"column":51}},{"start":{"line":41,"column":55},"end":{"line":41,"column":68}}],"line":41}},"s":{"0":4,"1":4,"2":4,"3":2,"4":2,"5":1,"6":2,"7":0,"8":4,"9":1,"10":1,"11":1},"f":{"0":2,"1":0,"2":1,"3":1},"b":{"0":[4,4],"1":[1,1],"2":[1,1]},"_coverageSchema":"1a1c01bbd47fc00a2c39e90264f33305004495a9","hash":"0f5700959106b7c46068d428fed6810d6a8bdc19"}
,"C:\\Users\\bestm\\OneDrive\\Desktop\\test\\SugarRush_Frontend\\src\\services\\tokenService.jsx": {"path":"C:\\Users\\bestm\\OneDrive\\Desktop\\test\\SugarRush_Frontend\\src\\services\\tokenService.jsx","statementMap":{"0":{"start":{"line":3,"column":18},"end":{"line":3,"column":30}},"1":{"start":{"line":5,"column":21},"end":{"line":34,"column":1}},"2":{"start":{"line":8,"column":4},"end":{"line":12,"column":5}},"3":{"start":{"line":9,"column":6},"end":{"line":9,"column":51}},"4":{"start":{"line":11,"column":6},"end":{"line":11,"column":48}},"5":{"start":{"line":18,"column":4},"end":{"line":24,"column":5}},"6":{"start":{"line":19,"column":6},"end":{"line":19,"column":51}},"7":{"start":{"line":21,"column":6},"end":{"line":21,"column":47}},"8":{"start":{"line":23,"column":6},"end":{"line":23,"column":18}},"9":{"start":{"line":28,"column":4},"end":{"line":32,"column":5}},"10":{"start":{"line":29,"column":6},"end":{"line":29,"column":47}},"11":{"start":{"line":31,"column":6},"end":{"line":31,"column":49}}},"fnMap":{"0":{"name":"(anonymous_0)","decl":{"start":{"line":7,"column":13},"end":{"line":7,"column":14}},"loc":{"start":{"line":7,"column":30},"end":{"line":13,"column":3}},"line":7},"1":{"name":"(anonymous_1)","decl":{"start":{"line":17,"column":12},"end":{"line":17,"column":13}},"loc":{"start":{"line":17,"column":24},"end":{"line":25,"column":3}},"line":17},"2":{"name":"(anonymous_2)","decl":{"start":{"line":27,"column":14},"end":{"line":27,"column":15}},"loc":{"start":{"line":27,"column":26},"end":{"line":33,"column":3}},"line":27}},"branchMap":{},"s":{"0":5,"1":5,"2":1,"3":1,"4":0,"5":1,"6":1,"7":0,"8":0,"9":1,"10":1,"11":0},"f":{"0":1,"1":1,"2":1},"b":{},"_coverageSchema":"1a1c01bbd47fc00a2c39e90264f33305004495a9","hash":"8892af8109379650000d30d985232e23263666e4"}
,"C:\\Users\\bestm\\OneDrive\\Desktop\\test\\SugarRush_Frontend\\src\\styles\\login.js": {"path":"C:\\Users\\bestm\\OneDrive\\Desktop\\test\\SugarRush_Frontend\\src\\styles\\login.js","statementMap":{"0":{"start":{"line":3,"column":22},"end":{"line":9,"column":1}},"1":{"start":{"line":11,"column":15},"end":{"line":112,"column":2}}},"fnMap":{},"branchMap":{},"s":{"0":1,"1":1},"f":{},"b":{},"_coverageSchema":"1a1c01bbd47fc00a2c39e90264f33305004495a9","hash":"f7083c97fb9460212a1201b26b543d825ea83196"}
,"C:\\Users\\bestm\\OneDrive\\Desktop\\test\\SugarRush_Frontend\\src\\styles\\profile.js": {"path":"C:\\Users\\bestm\\OneDrive\\Desktop\\test\\SugarRush_Frontend\\src\\styles\\profile.js","statementMap":{"0":{"start":{"line":3,"column":15},"end":{"line":851,"column":2}}},"fnMap":{},"branchMap":{},"s":{"0":2},"f":{},"b":{},"_coverageSchema":"1a1c01bbd47fc00a2c39e90264f33305004495a9","hash":"d9062199116bd4dae28253c9cf08de4387482d93"}
,"C:\\Users\\bestm\\OneDrive\\Desktop\\test\\SugarRush_Frontend\\src\\styles\\signup.js": {"path":"C:\\Users\\bestm\\OneDrive\\Desktop\\test\\SugarRush_Frontend\\src\\styles\\signup.js","statementMap":{},"fnMap":{},"branchMap":{},"s":{},"f":{},"b":{},"_coverageSchema":"1a1c01bbd47fc00a2c39e90264f33305004495a9","hash":"78fd0b79a865bb7f6618d1ea6a53484e55b1128a"}
,"C:\\Users\\bestm\\OneDrive\\Desktop\\test\\SugarRush_Frontend\\src\\styles\\ticket.js": {"path":"C:\\Users\\bestm\\OneDrive\\Desktop\\test\\SugarRush_Frontend\\src\\styles\\ticket.js","statementMap":{"0":{"start":{"line":4,"column":15},"end":{"line":504,"column":2}}},"fnMap":{},"branchMap":{},"s":{"0":1},"f":{},"b":{},"_coverageSchema":"1a1c01bbd47fc00a2c39e90264f33305004495a9","hash":"ddca7bb5766896a3ea2e3c010c6fa71aa7a8c158"}
}
