TN:
SF:src\context\AuthContext.js
FN:9,(anonymous_0)
FN:22,(anonymous_1)
FN:57,(anonymous_2)
FN:58,(anonymous_3)
FN:87,(anonymous_4)
FN:88,(anonymous_5)
FN:129,(anonymous_6)
FN:161,(anonymous_7)
FN:192,(anonymous_8)
FN:210,(anonymous_9)
FNF:10
FNH:10
FNDA:20,(anonymous_0)
FNDA:3,(anonymous_1)
FNDA:1,(anonymous_2)
FNDA:1,(anonymous_3)
FNDA:10,(anonymous_4)
FNDA:10,(anonymous_5)
FNDA:1,(anonymous_6)
FNDA:1,(anonymous_7)
FNDA:2,(anonymous_8)
FNDA:3,(anonymous_9)
DA:7,5
DA:9,5
DA:10,20
DA:12,20
DA:14,20
DA:16,20
DA:22,20
DA:23,3
DA:25,3
DA:26,3
DA:30,2
DA:32,2
DA:33,2
DA:42,1
DA:46,1
DA:47,0
DA:54,1
DA:56,1
DA:57,1
DA:58,1
DA:60,1
DA:74,0
DA:87,20
DA:88,10
DA:89,10
DA:90,10
DA:92,10
DA:93,8
DA:97,2
DA:103,1
DA:106,1
DA:107,1
DA:109,1
DA:111,1
DA:116,1
DA:118,10
DA:122,10
DA:129,20
DA:130,1
DA:131,1
DA:149,1
DA:151,0
DA:153,0
DA:161,20
DA:162,1
DA:164,1
DA:169,1
DA:171,1
DA:173,1
DA:176,1
DA:177,1
DA:179,1
DA:181,1
DA:183,0
DA:184,0
DA:192,20
DA:193,2
DA:194,2
DA:196,1
DA:198,1
DA:200,1
DA:202,1
DA:210,20
DA:211,3
DA:212,3
DA:214,3
DA:216,2
DA:218,2
DA:219,1
DA:220,1
DA:224,1
DA:227,1
DA:233,1
DA:235,1
DA:237,1
DA:239,1
DA:243,20
LF:77
LH:71
BRDA:27,0,0,0
BRDA:27,0,1,3
BRDA:30,1,0,2
BRDA:30,1,1,0
BRDA:32,2,0,2
BRDA:32,2,1,0
BRDA:36,3,0,2
BRDA:36,3,1,0
BRDA:36,3,2,0
BRDA:37,4,0,2
BRDA:37,4,1,0
BRDA:37,4,2,0
BRDA:42,5,0,1
BRDA:42,5,1,1
BRDA:46,6,0,0
BRDA:46,6,1,1
BRDA:54,7,0,1
BRDA:54,7,1,0
BRDA:56,8,0,1
BRDA:56,8,1,0
BRDA:57,9,0,1
BRDA:57,9,1,0
BRDA:58,10,0,1
BRDA:58,10,1,0
BRDA:67,11,0,1
BRDA:67,11,1,1
BRDA:92,12,0,8
BRDA:92,12,1,2
BRDA:113,13,0,1
BRDA:113,13,1,1
BRDA:138,14,0,1
BRDA:138,14,1,0
BRDA:140,15,0,1
BRDA:140,15,1,0
BRDA:142,16,0,1
BRDA:142,16,1,0
BRDA:144,17,0,1
BRDA:144,17,1,0
BRDA:146,18,0,1
BRDA:146,18,1,0
BRDA:151,19,0,0
BRDA:151,19,1,0
BRDA:183,20,0,0
BRDA:183,20,1,0
BRDA:216,21,0,2
BRDA:216,21,1,1
BRDA:218,22,0,1
BRDA:218,22,1,1
BRDA:229,23,0,1
BRDA:229,23,1,0
BRDA:229,23,2,0
BRDA:230,24,0,1
BRDA:230,24,1,0
BRDA:230,24,2,0
BRDA:239,25,0,1
BRDA:239,25,1,1
BRF:56
BRH:31
end_of_record
TN:
SF:src\screens\HomeScreen.jsx
FN:15,HomeScreen
FN:21,(anonymous_1)
FN:37,(anonymous_2)
FN:40,(anonymous_3)
FN:45,(anonymous_4)
FN:48,(anonymous_5)
FN:56,(anonymous_6)
FN:66,(anonymous_7)
FN:82,(anonymous_8)
FN:92,(anonymous_9)
FN:101,(anonymous_10)
FN:141,(anonymous_11)
FN:249,(anonymous_12)
FN:324,(anonymous_13)
FNF:14
FNH:13
FNDA:8,HomeScreen
FNDA:4,(anonymous_1)
FNDA:4,(anonymous_2)
FNDA:0,(anonymous_3)
FNDA:4,(anonymous_4)
FNDA:2,(anonymous_5)
FNDA:1,(anonymous_6)
FNDA:6,(anonymous_7)
FNDA:18,(anonymous_8)
FNDA:7,(anonymous_9)
FNDA:8,(anonymous_10)
FNDA:1,(anonymous_11)
FNDA:8,(anonymous_12)
FNDA:1,(anonymous_13)
DA:13,1
DA:16,8
DA:17,8
DA:18,8
DA:19,8
DA:21,8
DA:22,4
DA:23,4
DA:28,4
DA:29,4
DA:31,0
DA:33,4
DA:37,8
DA:38,4
DA:40,4
DA:41,0
DA:42,0
DA:45,4
DA:48,8
DA:49,2
DA:56,8
DA:57,1
DA:59,1
DA:60,1
DA:61,1
DA:63,1
DA:66,8
DA:67,6
DA:69,5
DA:71,5
DA:72,4
DA:75,1
DA:76,1
DA:79,0
DA:82,8
DA:83,18
DA:84,8
DA:86,8
DA:88,6
DA:89,6
DA:92,8
DA:93,7
DA:94,7
DA:95,5
DA:97,0
DA:98,0
DA:101,8
DA:102,8
DA:103,5
DA:112,3
DA:113,0
DA:122,3
DA:123,1
DA:132,2
DA:141,8
DA:142,1
DA:143,1
DA:145,1
DA:146,1
DA:147,1
DA:150,1
DA:153,1
DA:155,1
DA:156,0
DA:165,1
DA:166,0
DA:176,1
DA:177,0
DA:178,0
DA:187,0
DA:197,1
DA:198,0
DA:208,1
DA:209,1
DA:219,0
DA:220,0
DA:230,0
DA:231,0
DA:240,0
DA:249,8
DA:250,8
DA:251,5
DA:257,3
DA:258,0
DA:264,3
DA:265,1
DA:271,2
DA:277,8
DA:278,8
DA:280,8
DA:325,1
DA:326,1
DA:327,1
DA:328,1
DA:329,1
DA:330,1
DA:331,1
DA:332,1
DA:334,1
DA:448,1
LF:100
LH:81
BRDA:31,0,0,0
BRDA:31,0,1,0
BRDA:57,1,0,0
BRDA:57,1,1,1
BRDA:67,2,0,1
BRDA:67,2,1,5
BRDA:71,3,0,4
BRDA:71,3,1,1
BRDA:75,4,0,1
BRDA:75,4,1,0
BRDA:83,5,0,10
BRDA:83,5,1,8
BRDA:84,6,0,0
BRDA:84,6,1,8
BRDA:86,7,0,2
BRDA:86,7,1,6
BRDA:93,8,0,0
BRDA:93,8,1,7
BRDA:94,9,0,2
BRDA:94,9,1,5
BRDA:95,10,0,5
BRDA:95,10,1,0
BRDA:102,11,0,5
BRDA:102,11,1,3
BRDA:112,12,0,0
BRDA:112,12,1,3
BRDA:122,13,0,1
BRDA:122,13,1,2
BRDA:155,14,0,0
BRDA:155,14,1,1
BRDA:165,15,0,0
BRDA:165,15,1,1
BRDA:176,16,0,0
BRDA:176,16,1,1
BRDA:176,17,0,1
BRDA:176,17,1,1
BRDA:177,18,0,0
BRDA:177,18,1,0
BRDA:197,19,0,0
BRDA:197,19,1,1
BRDA:197,20,0,1
BRDA:197,20,1,1
BRDA:197,20,2,1
BRDA:208,21,0,1
BRDA:208,21,1,0
BRDA:208,22,0,1
BRDA:208,22,1,1
BRDA:208,22,2,1
BRDA:213,23,0,1
BRDA:213,23,1,0
BRDA:219,24,0,0
BRDA:219,24,1,0
BRDA:219,25,0,0
BRDA:219,25,1,0
BRDA:219,25,2,0
BRDA:230,26,0,0
BRDA:230,26,1,0
BRDA:235,27,0,0
BRDA:235,27,1,0
BRDA:250,28,0,5
BRDA:250,28,1,3
BRDA:257,29,0,0
BRDA:257,29,1,3
BRDA:264,30,0,1
BRDA:264,30,1,2
BRDA:304,31,0,8
BRDA:304,31,1,1
BRDA:304,31,2,1
BRDA:312,32,0,4
BRDA:312,32,1,4
BRDA:317,33,0,3
BRDA:317,33,1,1
BRDA:339,34,0,1
BRDA:339,34,1,1
BRDA:340,35,0,1
BRDA:340,35,1,0
BRDA:341,36,0,1
BRDA:341,36,1,0
BRDA:342,37,0,1
BRDA:342,37,1,0
BRDA:343,38,0,1
BRDA:343,38,1,0
BRDA:344,39,0,1
BRDA:344,39,1,0
BRDA:345,40,0,1
BRDA:345,40,1,0
BRDA:353,41,0,1
BRDA:353,41,1,0
BRDA:354,42,0,1
BRDA:354,42,1,0
BRDA:355,43,0,1
BRDA:355,43,1,0
BRDA:356,44,0,1
BRDA:356,44,1,0
BRDA:357,45,0,1
BRDA:357,45,1,0
BRDA:358,46,0,1
BRDA:358,46,1,0
BRDA:363,47,0,0
BRDA:363,47,1,1
BRDA:363,48,0,1
BRDA:363,48,1,1
BRDA:365,49,0,0
BRDA:365,49,1,1
BRDA:365,50,0,1
BRDA:365,50,1,1
BRDA:367,51,0,0
BRDA:367,51,1,1
BRDA:369,52,0,0
BRDA:369,52,1,1
BRDA:379,53,0,1
BRDA:379,53,1,1
BRDA:379,53,2,0
BRDA:392,54,0,1
BRDA:392,54,1,0
BRDA:393,55,0,1
BRDA:393,55,1,0
BRDA:394,56,0,1
BRDA:394,56,1,0
BRDA:395,57,0,1
BRDA:395,57,1,0
BRDA:396,58,0,1
BRDA:396,58,1,1
BRDA:396,58,2,0
BRDA:416,59,0,0
BRDA:416,59,1,1
BRDA:416,60,0,1
BRDA:416,60,1,1
BRDA:418,61,0,0
BRDA:418,61,1,1
BRDA:418,62,0,1
BRDA:418,62,1,1
BRF:132
BRH:82
end_of_record
TN:
SF:src\screens\LoginScreen.jsx
FN:17,LoginScreen
FN:28,(anonymous_1)
FN:29,(anonymous_2)
FN:35,(anonymous_3)
FN:98,(anonymous_4)
FNF:5
FNH:3
FNDA:9,LoginScreen
FNDA:0,(anonymous_1)
FNDA:0,(anonymous_2)
FNDA:2,(anonymous_3)
FNDA:1,(anonymous_4)
DA:18,9
DA:19,9
DA:21,9
DA:22,9
DA:23,9
DA:24,9
DA:27,9
DA:29,0
DA:35,9
DA:36,2
DA:38,2
DA:39,1
DA:40,1
DA:43,1
DA:44,1
DA:45,1
DA:48,0
DA:49,0
DA:51,1
DA:55,9
DA:98,1
LF:21
LH:18
BRDA:38,0,0,1
BRDA:38,0,1,1
BRDA:38,1,0,2
BRDA:38,1,1,1
BRDA:48,2,0,0
BRDA:48,2,1,0
BRDA:81,3,0,1
BRDA:81,3,1,8
BRDA:88,4,0,1
BRDA:88,4,1,8
BRF:10
BRH:8
end_of_record
TN:
SF:src\screens\PaymentScreen.jsx
FN:18,PaymentScreen
FN:31,(anonymous_1)
FN:36,(anonymous_2)
FN:58,(anonymous_3)
FN:76,(anonymous_4)
FN:81,(anonymous_5)
FN:88,(anonymous_6)
FN:115,(anonymous_7)
FN:136,(anonymous_8)
FN:141,(anonymous_9)
FN:158,(anonymous_10)
FN:180,(anonymous_11)
FN:193,(anonymous_12)
FN:224,(anonymous_13)
FN:245,(anonymous_14)
FN:265,(anonymous_15)
FN:275,(anonymous_16)
FN:295,(anonymous_17)
FN:323,(anonymous_18)
FNF:19
FNH:14
FNDA:46,PaymentScreen
FNDA:6,(anonymous_1)
FNDA:6,(anonymous_2)
FNDA:4,(anonymous_3)
FNDA:7,(anonymous_4)
FNDA:2,(anonymous_5)
FNDA:7,(anonymous_6)
FNDA:1,(anonymous_7)
FNDA:0,(anonymous_8)
FNDA:0,(anonymous_9)
FNDA:0,(anonymous_10)
FNDA:7,(anonymous_11)
FNDA:0,(anonymous_12)
FNDA:9,(anonymous_13)
FNDA:6,(anonymous_14)
FNDA:6,(anonymous_15)
FNDA:6,(anonymous_16)
FNDA:1,(anonymous_17)
FNDA:0,(anonymous_18)
DA:19,46
DA:20,46
DA:22,46
DA:23,46
DA:24,46
DA:26,46
DA:27,46
DA:28,46
DA:29,46
DA:31,46
DA:32,6
DA:33,6
DA:36,46
DA:37,6
DA:39,6
DA:40,6
DA:42,6
DA:43,0
DA:44,0
DA:47,6
DA:48,6
DA:49,6
DA:50,6
DA:53,6
DA:55,0
DA:58,46
DA:59,4
DA:60,4
DA:62,4
DA:63,4
DA:65,4
DA:66,4
DA:67,4
DA:69,4
DA:70,4
DA:71,3
DA:73,3
DA:76,46
DA:77,7
DA:78,7
DA:81,46
DA:82,2
DA:83,2
DA:84,2
DA:85,2
DA:88,46
DA:89,7
DA:90,1
DA:91,1
DA:94,6
DA:95,1
DA:96,1
DA:99,5
DA:100,1
DA:101,1
DA:104,4
DA:105,1
DA:106,1
DA:109,3
DA:110,1
DA:111,1
DA:114,2
DA:116,1
DA:119,2
DA:120,1
DA:121,1
DA:124,1
DA:132,1
DA:133,1
DA:136,46
DA:137,0
DA:138,0
DA:141,46
DA:142,0
DA:143,0
DA:146,0
DA:147,0
DA:150,46
DA:158,0
DA:181,7
DA:193,0
DA:224,9
DA:245,6
DA:265,6
DA:276,6
DA:296,1
DA:297,1
DA:324,0
DA:325,0
LF:89
LH:76
BRDA:42,0,0,0
BRDA:42,0,1,6
BRDA:44,1,0,0
BRDA:44,1,1,0
BRDA:47,2,0,6
BRDA:47,2,1,0
BRDA:49,3,0,0
BRDA:49,3,1,6
BRDA:50,4,0,0
BRDA:50,4,1,6
BRDA:53,5,0,6
BRDA:53,5,1,0
BRDA:60,6,0,0
BRDA:60,6,1,4
BRDA:60,7,0,4
BRDA:60,7,1,4
BRDA:69,8,0,0
BRDA:69,8,1,4
BRDA:69,9,0,4
BRDA:69,9,1,4
BRDA:70,10,0,1
BRDA:70,10,1,3
BRDA:71,11,0,0
BRDA:71,11,1,3
BRDA:71,12,0,3
BRDA:71,12,1,0
BRDA:89,13,0,1
BRDA:89,13,1,6
BRDA:89,14,0,7
BRDA:89,14,1,6
BRDA:89,14,2,6
BRDA:89,14,3,6
BRDA:94,15,0,1
BRDA:94,15,1,5
BRDA:99,16,0,1
BRDA:99,16,1,4
BRDA:104,17,0,1
BRDA:104,17,1,3
BRDA:109,18,0,1
BRDA:109,18,1,2
BRDA:119,19,0,1
BRDA:119,19,1,1
BRDA:142,20,0,0
BRDA:142,20,1,0
BRDA:168,21,0,39
BRDA:168,21,1,7
BRF:46
BRH:33
end_of_record
TN:
SF:src\screens\ProfileScreen.jsx
FN:14,ProfileScreen
FN:19,(anonymous_1)
FN:69,(anonymous_2)
FN:122,(anonymous_3)
FN:156,(anonymous_4)
FN:172,(anonymous_5)
FN:187,(anonymous_6)
FN:203,(anonymous_7)
FNF:8
FNH:7
FNDA:12,ProfileScreen
FNDA:0,(anonymous_1)
FNDA:1,(anonymous_2)
FNDA:1,(anonymous_3)
FNDA:1,(anonymous_4)
FNDA:1,(anonymous_5)
FNDA:1,(anonymous_6)
FNDA:1,(anonymous_7)
DA:15,12
DA:17,12
DA:19,12
DA:20,0
DA:21,0
DA:23,0
DA:25,0
DA:27,0
DA:29,0
DA:31,0
DA:35,12
DA:36,12
DA:37,12
DA:39,12
DA:69,1
DA:123,1
DA:156,1
DA:172,1
DA:187,1
DA:203,1
LF:20
LH:13
BRDA:37,0,0,12
BRDA:37,0,1,0
BRDA:64,1,0,12
BRDA:64,1,1,1
BRDA:93,2,0,12
BRDA:93,2,1,1
BRDA:98,3,0,12
BRDA:98,3,1,1
BRDA:106,4,0,12
BRDA:106,4,1,0
BRDA:116,5,0,1
BRDA:116,5,1,11
BRDA:153,6,0,11
BRDA:153,6,1,1
BRDA:200,7,0,1
BRDA:200,7,1,11
BRF:16
BRH:14
end_of_record
TN:
SF:src\screens\SignupScreen.jsx
FN:26,SignupScreen
FN:57,(anonymous_1)
FN:231,(anonymous_2)
FN:231,(anonymous_3)
FN:240,(anonymous_4)
FN:240,(anonymous_5)
FN:251,(anonymous_6)
FN:251,(anonymous_7)
FN:260,(anonymous_8)
FN:260,(anonymous_9)
FN:269,(anonymous_10)
FN:269,(anonymous_11)
FN:278,(anonymous_12)
FN:278,(anonymous_13)
FN:288,(anonymous_14)
FN:288,(anonymous_15)
FN:305,(anonymous_16)
FN:313,(anonymous_17)
FN:355,(anonymous_18)
FNF:19
FNH:11
FNDA:23,SignupScreen
FNDA:3,(anonymous_1)
FNDA:2,(anonymous_2)
FNDA:0,(anonymous_3)
FNDA:2,(anonymous_4)
FNDA:0,(anonymous_5)
FNDA:2,(anonymous_6)
FNDA:0,(anonymous_7)
FNDA:2,(anonymous_8)
FNDA:0,(anonymous_9)
FNDA:2,(anonymous_10)
FNDA:0,(anonymous_11)
FNDA:2,(anonymous_12)
FNDA:0,(anonymous_13)
FNDA:2,(anonymous_14)
FNDA:0,(anonymous_15)
FNDA:69,(anonymous_16)
FNDA:0,(anonymous_17)
FNDA:1,(anonymous_18)
DA:28,23
DA:30,23
DA:35,23
DA:36,23
DA:37,23
DA:39,23
DA:40,23
DA:41,23
DA:42,23
DA:45,23
DA:47,23
DA:48,23
DA:51,23
DA:52,23
DA:57,23
DA:59,3
DA:62,3
DA:63,3
DA:66,3
DA:68,3
DA:69,3
DA:70,3
DA:72,3
DA:73,2
DA:75,3
DA:76,2
DA:78,3
DA:79,2
DA:80,0
DA:83,3
DA:85,3
DA:86,2
DA:88,3
DA:91,2
DA:92,2
DA:95,3
DA:97,3
DA:98,2
DA:99,2
DA:102,1
DA:104,1
DA:106,1
DA:113,1
DA:124,1
DA:127,1
DA:134,0
DA:140,0
DA:143,0
DA:145,0
DA:149,0
DA:154,0
DA:160,0
DA:168,1
DA:175,23
DA:231,2
DA:240,2
DA:251,2
DA:260,2
DA:269,2
DA:278,2
DA:288,2
DA:307,69
DA:313,0
DA:356,1
LF:64
LH:55
BRDA:72,0,0,1
BRDA:72,0,1,2
BRDA:73,1,0,0
BRDA:73,1,1,2
BRDA:75,2,0,1
BRDA:75,2,1,2
BRDA:76,3,0,1
BRDA:76,3,1,1
BRDA:78,4,0,1
BRDA:78,4,1,2
BRDA:79,5,0,0
BRDA:79,5,1,2
BRDA:83,6,0,1
BRDA:83,6,1,2
BRDA:85,7,0,1
BRDA:85,7,1,2
BRDA:86,8,0,0
BRDA:86,8,1,2
BRDA:88,9,0,1
BRDA:88,9,1,2
BRDA:92,10,0,0
BRDA:92,10,1,2
BRDA:95,11,0,1
BRDA:95,11,1,2
BRDA:97,12,0,2
BRDA:97,12,1,1
BRDA:136,13,0,0
BRDA:136,13,1,0
BRDA:143,14,0,0
BRDA:143,14,1,0
BRDA:149,15,0,0
BRDA:149,15,1,0
BRDA:150,16,0,0
BRDA:150,16,1,0
BRDA:161,17,0,0
BRDA:161,17,1,0
BRDA:183,18,0,23
BRDA:183,18,1,0
BRDA:214,19,0,0
BRDA:214,19,1,23
BRDA:214,20,0,23
BRDA:214,20,1,4
BRDA:231,21,0,0
BRDA:231,21,1,2
BRDA:232,22,0,4
BRDA:232,22,1,19
BRDA:240,23,0,0
BRDA:240,23,1,2
BRDA:242,24,0,4
BRDA:242,24,1,19
BRDA:251,25,0,0
BRDA:251,25,1,2
BRDA:252,26,0,4
BRDA:252,26,1,19
BRDA:260,27,0,0
BRDA:260,27,1,2
BRDA:261,28,0,4
BRDA:261,28,1,19
BRDA:269,29,0,0
BRDA:269,29,1,2
BRDA:270,30,0,4
BRDA:270,30,1,19
BRDA:278,31,0,0
BRDA:278,31,1,2
BRDA:280,32,0,4
BRDA:280,32,1,19
BRDA:288,33,0,0
BRDA:288,33,1,2
BRDA:289,34,0,4
BRDA:289,34,1,19
BRDA:311,35,0,69
BRDA:311,35,1,23
BRDA:318,36,0,69
BRDA:318,36,1,23
BRDA:332,37,0,1
BRDA:332,37,1,22
BRF:76
BRH:53
end_of_record
TN:
SF:src\screens\TicketsScreen.jsx
FN:28,TicketsScreen
FN:41,(anonymous_1)
FN:44,(anonymous_2)
FN:49,(anonymous_3)
FN:122,(anonymous_4)
FN:167,(anonymous_5)
FN:182,(anonymous_6)
FN:206,(anonymous_7)
FN:223,(anonymous_8)
FN:230,(anonymous_9)
FNF:10
FNH:6
FNDA:10,TicketsScreen
FNDA:2,(anonymous_1)
FNDA:0,(anonymous_2)
FNDA:3,(anonymous_3)
FNDA:10,(anonymous_4)
FNDA:0,(anonymous_5)
FNDA:0,(anonymous_6)
FNDA:0,(anonymous_7)
FNDA:7,(anonymous_8)
FNDA:1,(anonymous_9)
DA:18,1
DA:29,10
DA:30,10
DA:32,10
DA:34,10
DA:35,10
DA:36,10
DA:37,10
DA:39,10
DA:41,10
DA:42,2
DA:44,2
DA:45,0
DA:49,10
DA:50,3
DA:51,1
DA:52,1
DA:55,2
DA:56,1
DA:60,1
DA:63,1
DA:64,1
DA:66,1
DA:72,1
DA:74,1
DA:79,1
DA:82,1
DA:85,0
DA:86,0
DA:88,1
DA:92,10
DA:123,10
DA:167,0
DA:182,0
DA:206,0
DA:224,7
DA:230,1
LF:37
LH:31
BRDA:41,0,0,0
BRDA:50,1,0,1
BRDA:50,1,1,2
BRDA:55,2,0,1
BRDA:55,2,1,1
BRDA:82,3,0,1
BRDA:82,3,1,0
BRDA:85,4,0,0
BRDA:85,4,1,0
BRDA:165,5,0,10
BRDA:165,5,1,10
BRDA:167,6,0,0
BRDA:167,6,1,0
BRDA:180,7,0,10
BRDA:180,7,1,0
BRDA:182,8,0,0
BRDA:182,8,1,0
BRDA:203,9,0,3
BRDA:203,9,1,7
BRDA:228,10,0,7
BRDA:228,10,1,3
BRDA:245,11,0,7
BRDA:245,11,1,3
BRDA:260,12,0,10
BRDA:260,12,1,7
BRDA:260,12,2,4
BRDA:270,13,0,10
BRDA:270,13,1,2
BRDA:274,14,0,2
BRDA:274,14,1,1
BRDA:277,15,0,2
BRDA:277,15,1,1
BRDA:283,16,0,1
BRDA:283,16,1,1
BRF:34
BRH:25
end_of_record
TN:
SF:src\services\api.jsx
FN:18,(anonymous_0)
FN:28,(anonymous_1)
FN:38,(anonymous_2)
FN:40,(anonymous_3)
FNF:4
FNH:3
FNDA:2,(anonymous_0)
FNDA:0,(anonymous_1)
FNDA:1,(anonymous_2)
FNDA:1,(anonymous_3)
DA:6,4
DA:9,4
DA:17,4
DA:19,2
DA:21,2
DA:22,1
DA:25,2
DA:29,0
DA:37,4
DA:38,1
DA:41,1
DA:43,1
LF:12
LH:11
BRDA:6,0,0,4
BRDA:6,0,1,4
BRDA:21,1,0,1
BRDA:21,1,1,1
BRDA:41,2,0,1
BRDA:41,2,1,1
BRF:6
BRH:6
end_of_record
TN:
SF:src\services\tokenService.jsx
FN:7,(anonymous_0)
FN:17,(anonymous_1)
FN:27,(anonymous_2)
FNF:3
FNH:3
FNDA:1,(anonymous_0)
FNDA:1,(anonymous_1)
FNDA:1,(anonymous_2)
DA:3,5
DA:5,5
DA:8,1
DA:9,1
DA:11,0
DA:18,1
DA:19,1
DA:21,0
DA:23,0
DA:28,1
DA:29,1
DA:31,0
LF:12
LH:8
BRF:0
BRH:0
end_of_record
TN:
SF:src\styles\login.js
FNF:0
FNH:0
DA:3,1
DA:11,1
LF:2
LH:2
BRF:0
BRH:0
end_of_record
TN:
SF:src\styles\profile.js
FNF:0
FNH:0
DA:3,2
LF:1
LH:1
BRF:0
BRH:0
end_of_record
TN:
SF:src\styles\signup.js
FNF:0
FNH:0
LF:0
LH:0
BRF:0
BRH:0
end_of_record
TN:
SF:src\styles\ticket.js
FNF:0
FNH:0
DA:4,1
LF:1
LH:1
BRF:0
BRH:0
end_of_record
